
RAxML-NG v. 0.9.0 released on 20.05.2019 by The Exelixis Lab.
Developed by: Alexey M. Kozlov and Alexandros Stamatakis.
Contributors: Diego Darriba, Tomas Flouri, Benoit Morel, Sarah Lutteropp, Ben Bettisworth.
Latest version: https://github.com/amkozlov/raxml-ng
Questions/problems/suggestions? Please visit: https://groups.google.com/forum/#!forum/raxml

RAxML-NG was called at 18-Mar-2021 10:01:18 as follows:

raxml-ng --all --model /pasteur/zeus/projets/p01/Evolbioinfo/users/azhukova/projects/zika_Vietnam/data/partition_raxml.pos.txt --msa /pasteur/zeus/projets/p01/Evolbioinfo/users/azhukova/projects/zika_Vietnam/data/aln.fa.pos --msa-format FASTA --data-type DNA --tree pars{5} --seed 239 --threads 24 --force --bs-trees 1000 --bs-metric fbp

Analysis options:
  run mode: ML tree search + bootstrapping (Felsenstein Bootstrap)
  start tree(s): parsimony (5)
  bootstrap replicates: 1000
  random seed: 239
  tip-inner: OFF
  pattern compression: ON
  per-rate scalers: OFF
  site repeats: ON
  branch lengths: proportional (ML estimate, algorithm: NR-FAST)
  SIMD kernels: AVX2
  parallelization: PTHREADS (24 threads), thread pinning: OFF

WARNING: Running in FORCE mode: all safety checks are disabled!

[00:00:00] Reading alignment from file: /pasteur/zeus/projets/p01/Evolbioinfo/users/azhukova/projects/zika_Vietnam/data/aln.fa.pos
[00:00:00] Loaded alignment with 759 taxa and 10269 sites

Alignment comprises 2 partitions and 9131 patterns

Partition 0: pos_12
Model: GTR+FO+I+G6m+B
Alignment sites / patterns: 6846 / 5753
Gaps: 8.20 %
Invariant sites: 81.42 %

Partition 1: pos_3
Model: GTR+FO+I+G6m+B
Alignment sites / patterns: 3423 / 3378
Gaps: 8.20 %
Invariant sites: 28.86 %


NOTE: Binary MSA file created: /pasteur/zeus/projets/p01/Evolbioinfo/users/azhukova/projects/zika_Vietnam/data/aln.fa.pos.raxml.rba

[00:00:00] Generating 5 parsimony starting tree(s) with 759 taxa
[00:00:19] Data distribution: max. partitions/sites/weight per thread: 2 / 381 / 9144

Starting ML tree search with 5 distinct starting trees

[00:14:24] ML tree search #1, logLikelihood: -63706.150608
[00:24:32] ML tree search #2, logLikelihood: -63706.248131
[00:34:25] ML tree search #3, logLikelihood: -63697.622236
[00:44:10] ML tree search #4, logLikelihood: -63708.005939
[00:55:16] ML tree search #5, logLikelihood: -63692.135915

[00:55:16] ML tree search completed, best tree logLH: -63692.135915

[00:55:16] Starting bootstrapping analysis with 1000 replicates.

[01:05:32] Bootstrap tree #1, logLikelihood: -62765.075675
[01:14:59] Bootstrap tree #2, logLikelihood: -62935.986247
[01:28:51] Bootstrap tree #3, logLikelihood: -61924.317987
[01:42:24] Bootstrap tree #4, logLikelihood: -63116.432955
[01:53:07] Bootstrap tree #5, logLikelihood: -61710.311053
[02:05:10] Bootstrap tree #6, logLikelihood: -64110.909665
[02:18:02] Bootstrap tree #7, logLikelihood: -62184.931426
[02:29:39] Bootstrap tree #8, logLikelihood: -63425.982806
[02:48:52] Bootstrap tree #9, logLikelihood: -62784.810722
[02:58:20] Bootstrap tree #10, logLikelihood: -62812.918863
[03:09:00] Bootstrap tree #11, logLikelihood: -63709.649549
[03:19:57] Bootstrap tree #12, logLikelihood: -62517.835962
[03:34:35] Bootstrap tree #13, logLikelihood: -62441.889807
[03:43:58] Bootstrap tree #14, logLikelihood: -62045.108497
[03:55:19] Bootstrap tree #15, logLikelihood: -63918.196094
[04:04:43] Bootstrap tree #16, logLikelihood: -64408.110530
[04:17:30] Bootstrap tree #17, logLikelihood: -62920.055763
[04:29:31] Bootstrap tree #18, logLikelihood: -63809.413534
[04:41:48] Bootstrap tree #19, logLikelihood: -63088.594374
[04:53:04] Bootstrap tree #20, logLikelihood: -62875.550121
[05:04:15] Bootstrap tree #21, logLikelihood: -63350.652598
[05:21:01] Bootstrap tree #22, logLikelihood: -62909.116112
[05:31:08] Bootstrap tree #23, logLikelihood: -64381.941215
[05:45:13] Bootstrap tree #24, logLikelihood: -63661.101367
[05:56:08] Bootstrap tree #25, logLikelihood: -62690.857533
[06:08:32] Bootstrap tree #26, logLikelihood: -63958.884135
[06:19:50] Bootstrap tree #27, logLikelihood: -62661.323404
[06:29:40] Bootstrap tree #28, logLikelihood: -62080.129680
[06:42:20] Bootstrap tree #29, logLikelihood: -61682.807607
[06:55:07] Bootstrap tree #30, logLikelihood: -62552.553069
[07:06:08] Bootstrap tree #31, logLikelihood: -64669.888524
[07:18:58] Bootstrap tree #32, logLikelihood: -62449.252377
[07:29:52] Bootstrap tree #33, logLikelihood: -62896.810213
[07:41:38] Bootstrap tree #34, logLikelihood: -62612.284807
[07:52:13] Bootstrap tree #35, logLikelihood: -63306.133340
[08:01:49] Bootstrap tree #36, logLikelihood: -62235.610111
[08:11:54] Bootstrap tree #37, logLikelihood: -61744.573736
[08:26:47] Bootstrap tree #38, logLikelihood: -62580.498339
[08:37:33] Bootstrap tree #39, logLikelihood: -67161.200538
[08:50:08] Bootstrap tree #40, logLikelihood: -64230.097113
[09:00:32] Bootstrap tree #41, logLikelihood: -62422.344084
[09:11:11] Bootstrap tree #42, logLikelihood: -60678.582491
[09:19:10] Bootstrap tree #43, logLikelihood: -62468.611758
[09:28:59] Bootstrap tree #44, logLikelihood: -63743.405819
[09:39:51] Bootstrap tree #45, logLikelihood: -62840.826753
[09:49:11] Bootstrap tree #46, logLikelihood: -62804.850130
[10:02:58] Bootstrap tree #47, logLikelihood: -61914.439309
[10:12:10] Bootstrap tree #48, logLikelihood: -61410.618790
[10:22:12] Bootstrap tree #49, logLikelihood: -62445.673136
[10:38:48] Bootstrap tree #50, logLikelihood: -66556.379765
[10:48:56] Bootstrap tree #51, logLikelihood: -63076.676702
[10:58:45] Bootstrap tree #52, logLikelihood: -63155.769904
[11:06:48] Bootstrap tree #53, logLikelihood: -63314.357409
[11:17:31] Bootstrap tree #54, logLikelihood: -63406.376597
[11:32:00] Bootstrap tree #55, logLikelihood: -62875.225962
[11:41:42] Bootstrap tree #56, logLikelihood: -63230.311821
[11:52:44] Bootstrap tree #57, logLikelihood: -63846.678239
[12:03:55] Bootstrap tree #58, logLikelihood: -61748.293357
[12:11:47] Bootstrap tree #59, logLikelihood: -63723.575326
[12:23:24] Bootstrap tree #60, logLikelihood: -63244.422782
[12:31:51] Bootstrap tree #61, logLikelihood: -63760.305618
[12:44:11] Bootstrap tree #62, logLikelihood: -62346.732218
[12:53:23] Bootstrap tree #63, logLikelihood: -62389.449635
[13:07:17] Bootstrap tree #64, logLikelihood: -62765.247382
[13:15:20] Bootstrap tree #65, logLikelihood: -63309.478710
[13:25:27] Bootstrap tree #66, logLikelihood: -62657.565522
[13:36:56] Bootstrap tree #67, logLikelihood: -61624.401109
[13:48:24] Bootstrap tree #68, logLikelihood: -62772.949560
[13:58:56] Bootstrap tree #69, logLikelihood: -62983.376769
[14:09:24] Bootstrap tree #70, logLikelihood: -63778.039599
[14:18:49] Bootstrap tree #71, logLikelihood: -62759.594900
[14:29:28] Bootstrap tree #72, logLikelihood: -63401.305757
[14:39:41] Bootstrap tree #73, logLikelihood: -63600.816425
[14:52:28] Bootstrap tree #74, logLikelihood: -61767.974608
[15:01:54] Bootstrap tree #75, logLikelihood: -63296.309191
[15:09:41] Bootstrap tree #76, logLikelihood: -61823.875322
[15:19:57] Bootstrap tree #77, logLikelihood: -63231.202020
[15:36:58] Bootstrap tree #78, logLikelihood: -63612.133493
[15:46:05] Bootstrap tree #79, logLikelihood: -62554.825972
[15:56:06] Bootstrap tree #80, logLikelihood: -62360.837253
[16:07:54] Bootstrap tree #81, logLikelihood: -65909.561857
[16:19:14] Bootstrap tree #82, logLikelihood: -61507.562992
[16:29:51] Bootstrap tree #83, logLikelihood: -63160.185204
[16:40:30] Bootstrap tree #84, logLikelihood: -62757.144695
[16:51:21] Bootstrap tree #85, logLikelihood: -63637.197802
[16:59:13] Bootstrap tree #86, logLikelihood: -63365.237957
[17:09:47] Bootstrap tree #87, logLikelihood: -62529.870501
[17:18:56] Bootstrap tree #88, logLikelihood: -62556.505961
[17:31:59] Bootstrap tree #89, logLikelihood: -64317.509767
[17:43:26] Bootstrap tree #90, logLikelihood: -63200.661646
[17:57:41] Bootstrap tree #91, logLikelihood: -62766.129342
[18:11:20] Bootstrap tree #92, logLikelihood: -62758.810795
[18:22:07] Bootstrap tree #93, logLikelihood: -62509.827653
[18:30:44] Bootstrap tree #94, logLikelihood: -62647.913760
[18:41:53] Bootstrap tree #95, logLikelihood: -62392.821708
[18:53:46] Bootstrap tree #96, logLikelihood: -63240.778210
[19:01:28] Bootstrap tree #97, logLikelihood: -63696.094036
[19:11:34] Bootstrap tree #98, logLikelihood: -62817.506015
[19:25:20] Bootstrap tree #99, logLikelihood: -60971.741336
[19:36:19] Bootstrap tree #100, logLikelihood: -63886.890928
[19:46:55] Bootstrap tree #101, logLikelihood: -62823.957840
[19:58:41] Bootstrap tree #102, logLikelihood: -63121.818579
[20:07:45] Bootstrap tree #103, logLikelihood: -62649.043416
[20:16:45] Bootstrap tree #104, logLikelihood: -62148.062564
[20:27:24] Bootstrap tree #105, logLikelihood: -62757.041600
[20:38:28] Bootstrap tree #106, logLikelihood: -62556.346872
[20:47:30] Bootstrap tree #107, logLikelihood: -63025.693126
[20:56:26] Bootstrap tree #108, logLikelihood: -62772.120754
[21:07:08] Bootstrap tree #109, logLikelihood: -63919.797630
[21:18:22] Bootstrap tree #110, logLikelihood: -61878.614442
[21:33:33] Bootstrap tree #111, logLikelihood: -62393.313463
[21:42:45] Bootstrap tree #112, logLikelihood: -63831.505701
[21:52:55] Bootstrap tree #113, logLikelihood: -61958.304851
[22:05:22] Bootstrap tree #114, logLikelihood: -61699.559359
[22:15:47] Bootstrap tree #115, logLikelihood: -63532.388749
[22:28:04] Bootstrap tree #116, logLikelihood: -62564.283814
[22:38:47] Bootstrap tree #117, logLikelihood: -62985.357951
[22:52:37] Bootstrap tree #118, logLikelihood: -61904.061269
[23:00:28] Bootstrap tree #119, logLikelihood: -63295.009128
[23:11:56] Bootstrap tree #120, logLikelihood: -63758.547275
[23:23:56] Bootstrap tree #121, logLikelihood: -63263.448542
[23:35:47] Bootstrap tree #122, logLikelihood: -63333.678874
[23:45:19] Bootstrap tree #123, logLikelihood: -63888.528095
[23:52:30] Bootstrap tree #124, logLikelihood: -65546.674813
[24:00:50] Bootstrap tree #125, logLikelihood: -63298.775417
[24:12:12] Bootstrap tree #126, logLikelihood: -63442.816515
[24:23:48] Bootstrap tree #127, logLikelihood: -63450.840314
[24:33:48] Bootstrap tree #128, logLikelihood: -62541.884139
[24:46:14] Bootstrap tree #129, logLikelihood: -62989.268114
[24:57:58] Bootstrap tree #130, logLikelihood: -63361.158393
[25:07:03] Bootstrap tree #131, logLikelihood: -62646.615979
[25:19:22] Bootstrap tree #132, logLikelihood: -63246.159633
[25:31:41] Bootstrap tree #133, logLikelihood: -63757.745907
[25:44:52] Bootstrap tree #134, logLikelihood: -62802.824267
[26:01:03] Bootstrap tree #135, logLikelihood: -63927.542631
[26:18:09] Bootstrap tree #136, logLikelihood: -63345.126207
[26:27:23] Bootstrap tree #137, logLikelihood: -63649.557783
[26:37:26] Bootstrap tree #138, logLikelihood: -63722.098622
[26:47:47] Bootstrap tree #139, logLikelihood: -63033.434845
[26:58:12] Bootstrap tree #140, logLikelihood: -63414.559559
[27:10:50] Bootstrap tree #141, logLikelihood: -63398.375600
[27:21:55] Bootstrap tree #142, logLikelihood: -63467.555174
[27:31:23] Bootstrap tree #143, logLikelihood: -62896.431140
[27:39:54] Bootstrap tree #144, logLikelihood: -66568.604130
[27:51:22] Bootstrap tree #145, logLikelihood: -64025.728542
[28:01:02] Bootstrap tree #146, logLikelihood: -63527.809211
[28:11:22] Bootstrap tree #147, logLikelihood: -63565.921753
[28:22:10] Bootstrap tree #148, logLikelihood: -62153.804890
[28:29:47] Bootstrap tree #149, logLikelihood: -63352.809733
[28:38:36] Bootstrap tree #150, logLikelihood: -62244.698319
[28:47:34] Bootstrap tree #151, logLikelihood: -62004.386970
[28:58:32] Bootstrap tree #152, logLikelihood: -62615.558843
[29:07:48] Bootstrap tree #153, logLikelihood: -63384.514184
[29:18:38] Bootstrap tree #154, logLikelihood: -62480.749489
[29:27:52] Bootstrap tree #155, logLikelihood: -63167.068188
[29:36:43] Bootstrap tree #156, logLikelihood: -63581.293317
[29:48:23] Bootstrap tree #157, logLikelihood: -61813.408074
[29:56:36] Bootstrap tree #158, logLikelihood: -62820.872424
[30:08:56] Bootstrap tree #159, logLikelihood: -62613.510424
[30:18:24] Bootstrap tree #160, logLikelihood: -63473.801568
[30:31:11] Bootstrap tree #161, logLikelihood: -62884.079721
[30:39:27] Bootstrap tree #162, logLikelihood: -63752.759788

RAxML-NG v. 0.9.0 released on 20.05.2019 by The Exelixis Lab.
Developed by: Alexey M. Kozlov and Alexandros Stamatakis.
Contributors: Diego Darriba, Tomas Flouri, Benoit Morel, Sarah Lutteropp, Ben Bettisworth.
Latest version: https://github.com/amkozlov/raxml-ng
Questions/problems/suggestions? Please visit: https://groups.google.com/forum/#!forum/raxml

RAxML-NG was called at 19-Mar-2021 16:45:16 as follows:

raxml-ng --all --model /pasteur/zeus/projets/p01/Evolbioinfo/users/azhukova/projects/zika_Vietnam/data/partition_raxml.pos.txt --msa /pasteur/zeus/projets/p01/Evolbioinfo/users/azhukova/projects/zika_Vietnam/data/aln.fa.pos --msa-format FASTA --data-type DNA --tree pars{5} --seed 239 --threads 24 --force --bs-trees 100 --bs-metric fbp

Analysis options:
  run mode: ML tree search + bootstrapping (Felsenstein Bootstrap)
  start tree(s): parsimony (5)
  bootstrap replicates: 100
  random seed: 239
  tip-inner: OFF
  pattern compression: ON
  per-rate scalers: OFF
  site repeats: ON
  branch lengths: proportional (ML estimate, algorithm: NR-FAST)
  SIMD kernels: AVX2
  parallelization: PTHREADS (24 threads), thread pinning: OFF

WARNING: Running in FORCE mode: all safety checks are disabled!

WARNING: The model you specified on the command line (/pasteur/zeus/projets/p01/Evolbioinfo/users/azhukova/projects/zika_Vietnam/data/partition_raxml.pos.txt) will be ignored 
         since the binary MSA file already contains a model definition.
         If you want to change the model, please re-run RAxML-NG 
         with the original PHYLIP/FASTA alignment and --redo option.

[00:00:00] Loading binary alignment from file: /pasteur/zeus/projets/p01/Evolbioinfo/users/azhukova/projects/zika_Vietnam/data/aln.fa.pos.raxml.rba
[00:00:00] Alignment comprises 759 taxa, 2 partitions and 9131 patterns

Partition 0: pos_12
Model: GTR+FO+I+G6m+B
Alignment sites / patterns: 6846 / 5753
Gaps: 8.20 %
Invariant sites: 81.42 %

Partition 1: pos_3
Model: GTR+FO+I+G6m+B
Alignment sites / patterns: 3423 / 3378
Gaps: 8.20 %
Invariant sites: 28.83 %


[00:00:00] NOTE: Resuming execution from checkpoint (logLH: -64437.56, ML trees: 5, bootstraps: 162)
[00:00:00] Data distribution: max. partitions/sites/weight per thread: 2 / 381 / 9144


Final LogLikelihood: -63692.135915

AIC score: 130456.271831 / AICc score: 130997.002935 / BIC score: 141572.127079
Free parameters (model + branch lengths): 1536

Best ML tree saved to: /pasteur/zeus/projets/p01/Evolbioinfo/users/azhukova/projects/zika_Vietnam/data/aln.fa.pos.raxml.bestTree
All ML trees saved to: /pasteur/zeus/projets/p01/Evolbioinfo/users/azhukova/projects/zika_Vietnam/data/aln.fa.pos.raxml.mlTrees
Best ML tree with Felsenstein bootstrap (FBP) support values saved to: /pasteur/zeus/projets/p01/Evolbioinfo/users/azhukova/projects/zika_Vietnam/data/aln.fa.pos.raxml.support
Optimized model saved to: /pasteur/zeus/projets/p01/Evolbioinfo/users/azhukova/projects/zika_Vietnam/data/aln.fa.pos.raxml.bestModel
Bootstrap trees saved to: /pasteur/zeus/projets/p01/Evolbioinfo/users/azhukova/projects/zika_Vietnam/data/aln.fa.pos.raxml.bootstraps

Execution log saved to: /pasteur/zeus/projets/p01/Evolbioinfo/users/azhukova/projects/zika_Vietnam/data/aln.fa.pos.raxml.log

Analysis started: 19-Mar-2021 16:45:16 / finished: 19-Mar-2021 16:45:17

Elapsed time: 0.714 seconds (this run) / 110611.543 seconds (total with restarts)

