
LEAST-SQUARE METHODS TO ESTIMATE RATES AND DATES - v1.6.5 


Input files:
  i                                               Input tree file : /home/azhukova/gaia/projects/zika_Vietnam/data20200811/best_tree.pos.rooted_African.collapsed.nwk
  d                                               Input date file : /home/azhukova/gaia/projects/zika_Vietnam/data20200811/dates_lsd.tab
  p                                                Partition file : No
Output file:
  o                                                  Output file  : /home/azhukova/gaia/projects/zika_Vietnam/data20200811/best_tree.pos.wd_lsd2
Parameters:
  c                                              With constraints : Yes
  t                                      Lower bound for the rate : 1e-10
  v                                                With variances : No
  r                                             Estimate the root : No
  w                                       Given substitution rate : No
  g                                               Given outgroups : No
  n                                             Multiple data set : No
  f                                  Compute confidence intervals : Yes, sampling 1000 times
  q                  Standard deviation of lognormal relaxed clock: 0.2 (for computing confidence intervals)
  s                                               Sequence length : 10269
  e                                          Exclude outlier tips : Yes, detect and exclude outliers from the analysis
  m                   Number of sampling nodes to detect outliers : 249
  e                       The Zscore threshold to detect outliers : 3
  u                Min internal branch length of time scaled tree : 0
  U                Min external branch length of time scaled tree : 0
  l                        Collapsed internal branch length limit : 0
  D                                            Output date format : Based on input date format

  h to print Help 
  y to accept or type a letter to change an option (x = Exit) 
Tree 1 
*WARNINGS:
- There are some nodes in the input date file that are not present in the input tree.
*RESULTS:
- The input dates associated with the following 9 nodes are considered as outliers, so the nodes were removed from the analysis:  MH157208 MF098770 MN577544 MK269355 KY325478 MK269356 KU744693 KY241700 KY241712
- Dating results:
 rate 0.00059433, tMRCA 1995.25, objective function 1.04698
- Results with confidence intervals:
 rate 0.00059433 [0.000493125; 0.000697265], tMRCA 1995.25 [1989.46; 1998.78], objective function 1.04698

*********************************************************

TOTAL ELAPSED TIME: 12.4437 seconds
