
RAxML-NG v. 0.9.0 released on 20.05.2019 by The Exelixis Lab.
Developed by: Alexey M. Kozlov and Alexandros Stamatakis.
Contributors: Diego Darriba, Tomas Flouri, Benoit Morel, Sarah Lutteropp, Ben Bettisworth.
Latest version: https://github.com/amkozlov/raxml-ng
Questions/problems/suggestions? Please visit: https://groups.google.com/forum/#!forum/raxml

RAxML-NG was called at 12-Aug-2020 17:42:13 as follows:

raxml-ng --model /pasteur/homes/azhukova/projects/zika_Vietnam/data20200811/partition_raxml.pos.txt --msa /pasteur/homes/azhukova/projects/zika_Vietnam/data20200811/aln.fa.pos --msa-format FASTA --data-type DNA --tree pars{5} --seed 239 --threads 12 --force

Analysis options:
  run mode: ML tree search
  start tree(s): parsimony (5)
  random seed: 239
  tip-inner: OFF
  pattern compression: ON
  per-rate scalers: OFF
  site repeats: ON
  fast spr radius: AUTO
  spr subtree cutoff: 1.000000
  branch lengths: proportional (ML estimate, algorithm: NR-FAST)
  SIMD kernels: AVX2
  parallelization: PTHREADS (12 threads), thread pinning: OFF

WARNING: Running in FORCE mode: all safety checks are disabled!

[00:00:00] Reading alignment from file: /pasteur/homes/azhukova/projects/zika_Vietnam/data20200811/aln.fa.pos
[00:00:00] Loaded alignment with 761 taxa and 10269 sites

Alignment comprises 2 partitions and 9133 patterns

Partition 0: pos_12
Model: GTR+FO+I+G6m+B
Alignment sites / patterns: 6846 / 5755
Gaps: 8.44 %
Invariant sites: 81.45 %

Partition 1: pos_3
Model: GTR+FO+I+G6m+B
Alignment sites / patterns: 3423 / 3378
Gaps: 8.44 %
Invariant sites: 28.86 %


NOTE: Binary MSA file created: /pasteur/homes/azhukova/projects/zika_Vietnam/data20200811/aln.fa.pos.raxml.rba

[00:00:00] Generating 5 parsimony starting tree(s) with 761 taxa
[00:00:44] Data distribution: max. partitions/sites/weight per thread: 2 / 762 / 18288

Starting ML tree search with 5 distinct starting trees

[00:00:44 -128976.328826] Initial branch length optimization
[00:00:50 -69111.947868] Model parameter optimization (eps = 10.000000)
[00:01:49 -63912.272771] AUTODETECT spr round 1 (radius: 5)
[00:03:17 -63742.147131] AUTODETECT spr round 2 (radius: 10)
[00:05:11 -63729.838911] AUTODETECT spr round 3 (radius: 15)
[00:07:51 -63729.838571] SPR radius for FAST iterations: 10 (autodetect)
[00:07:51 -63729.838571] Model parameter optimization (eps = 3.000000)
[00:07:58 -63727.937494] FAST spr round 1 (radius: 10)
[00:09:32 -63697.472581] FAST spr round 2 (radius: 10)
[00:10:59 -63697.449701] Model parameter optimization (eps = 1.000000)
[00:11:05 -63696.946188] SLOW spr round 1 (radius: 5)
[00:13:06 -63694.082999] SLOW spr round 2 (radius: 5)
[00:15:00 -63694.082093] SLOW spr round 3 (radius: 10)
[00:17:02 -63694.079345] SLOW spr round 4 (radius: 15)
[00:19:48 -63694.079285] SLOW spr round 5 (radius: 20)
[00:23:22 -63694.079236] SLOW spr round 6 (radius: 25)
[00:27:44 -63694.079180] Model parameter optimization (eps = 0.100000)

[00:27:59] ML tree search #1, logLikelihood: -63693.686679

[00:27:59 -128892.627878] Initial branch length optimization
[00:28:04 -69108.806609] Model parameter optimization (eps = 10.000000)
[00:28:55 -63942.997542] AUTODETECT spr round 1 (radius: 5)
[00:30:13 -63790.894854] AUTODETECT spr round 2 (radius: 10)
[00:31:52 -63750.196159] AUTODETECT spr round 3 (radius: 15)
[00:34:14 -63737.484958] AUTODETECT spr round 4 (radius: 20)
[00:37:16 -63737.484879] SPR radius for FAST iterations: 15 (autodetect)
[00:37:16 -63737.484879] Model parameter optimization (eps = 3.000000)
[00:37:23 -63735.783565] FAST spr round 1 (radius: 15)
[00:39:18 -63704.081017] FAST spr round 2 (radius: 15)
[00:40:57 -63701.613653] FAST spr round 3 (radius: 15)
[00:42:33 -63701.611502] Model parameter optimization (eps = 1.000000)
[00:42:38 -63700.997756] SLOW spr round 1 (radius: 5)
[00:44:40 -63695.510841] SLOW spr round 2 (radius: 5)
[00:46:26 -63695.506105] SLOW spr round 3 (radius: 10)
[00:48:21 -63693.924074] SLOW spr round 4 (radius: 5)
[00:50:19 -63693.763243] SLOW spr round 5 (radius: 5)
[00:52:08 -63693.762151] SLOW spr round 6 (radius: 10)
[00:54:04 -63693.762103] SLOW spr round 7 (radius: 15)
[00:56:59 -63693.762055] SLOW spr round 8 (radius: 20)
[01:00:44 -63693.761963] SLOW spr round 9 (radius: 25)
[01:05:36 -63693.761915] Model parameter optimization (eps = 0.100000)

[01:05:49] ML tree search #2, logLikelihood: -63693.357318

[01:05:49 -128985.645780] Initial branch length optimization
[01:05:54 -69104.265190] Model parameter optimization (eps = 10.000000)
[01:06:44 -63930.023090] AUTODETECT spr round 1 (radius: 5)
[01:08:01 -63750.459374] AUTODETECT spr round 2 (radius: 10)
[01:09:32 -63723.095899] AUTODETECT spr round 3 (radius: 15)
[01:11:47 -63718.991428] AUTODETECT spr round 4 (radius: 20)
[01:14:50 -63718.991402] SPR radius for FAST iterations: 15 (autodetect)
[01:14:50 -63718.991402] Model parameter optimization (eps = 3.000000)
[01:14:57 -63717.468520] FAST spr round 1 (radius: 15)
[01:16:51 -63709.890797] FAST spr round 2 (radius: 15)
[01:18:43 -63704.844507] FAST spr round 3 (radius: 15)
[01:20:30 -63704.843953] Model parameter optimization (eps = 1.000000)
[01:20:39 -63704.277993] SLOW spr round 1 (radius: 5)
[01:22:51 -63699.736850] SLOW spr round 2 (radius: 5)
[01:24:48 -63697.021733] SLOW spr round 3 (radius: 5)
[01:26:36 -63697.017583] SLOW spr round 4 (radius: 10)
[01:28:36 -63697.012373] SLOW spr round 5 (radius: 15)
[01:31:23 -63697.012289] SLOW spr round 6 (radius: 20)
[01:35:01 -63697.012240] SLOW spr round 7 (radius: 25)
[01:39:39 -63697.012191] Model parameter optimization (eps = 0.100000)

[01:39:52] ML tree search #3, logLikelihood: -63696.602340

[01:39:52 -129110.113597] Initial branch length optimization
[01:39:57 -69204.209545] Model parameter optimization (eps = 10.000000)
[01:40:36 -64002.726094] AUTODETECT spr round 1 (radius: 5)
[01:41:41 -63734.679006] AUTODETECT spr round 2 (radius: 10)
[01:43:08 -63722.493568] AUTODETECT spr round 3 (radius: 15)
[01:45:17 -63721.416204] AUTODETECT spr round 4 (radius: 20)
[01:48:11 -63721.408943] SPR radius for FAST iterations: 15 (autodetect)
[01:48:11 -63721.408943] Model parameter optimization (eps = 3.000000)
[01:48:17 -63719.930108] FAST spr round 1 (radius: 15)
[01:50:09 -63714.877664] FAST spr round 2 (radius: 15)
[01:51:51 -63714.870088] Model parameter optimization (eps = 1.000000)
[01:51:56 -63714.281232] SLOW spr round 1 (radius: 5)
[01:54:02 -63709.724552] SLOW spr round 2 (radius: 5)
[01:55:57 -63706.866973] SLOW spr round 3 (radius: 5)
[01:57:45 -63706.864753] SLOW spr round 4 (radius: 10)
[01:59:53 -63705.915459] SLOW spr round 5 (radius: 5)
[02:02:07 -63705.912700] SLOW spr round 6 (radius: 10)
[02:04:23 -63705.912057] SLOW spr round 7 (radius: 15)
[02:07:13 -63705.912015] SLOW spr round 8 (radius: 20)
[02:10:54 -63705.911972] SLOW spr round 9 (radius: 25)
[02:15:27 -63705.911930] Model parameter optimization (eps = 0.100000)

[02:15:44] ML tree search #4, logLikelihood: -63705.486610

[02:15:44 -128957.256617] Initial branch length optimization
[02:15:49 -69105.975662] Model parameter optimization (eps = 10.000000)
[02:16:36 -63941.097724] AUTODETECT spr round 1 (radius: 5)
[02:17:43 -63804.437139] AUTODETECT spr round 2 (radius: 10)
[02:19:11 -63762.790956] AUTODETECT spr round 3 (radius: 15)
[02:21:22 -63759.996806] AUTODETECT spr round 4 (radius: 20)
[02:24:27 -63759.996630] SPR radius for FAST iterations: 15 (autodetect)
[02:24:27 -63759.996630] Model parameter optimization (eps = 3.000000)
[02:24:37 -63757.564394] FAST spr round 1 (radius: 15)
[02:26:29 -63727.922625] FAST spr round 2 (radius: 15)
[02:28:03 -63723.185632] FAST spr round 3 (radius: 15)
[02:29:28 -63719.739863] FAST spr round 4 (radius: 15)
[02:30:50 -63719.734839] Model parameter optimization (eps = 1.000000)
[02:30:55 -63719.068163] SLOW spr round 1 (radius: 5)
[02:32:48 -63715.051452] SLOW spr round 2 (radius: 5)
[02:34:34 -63712.348136] SLOW spr round 3 (radius: 5)
[02:36:18 -63712.347826] SLOW spr round 4 (radius: 10)
[02:38:13 -63710.269774] SLOW spr round 5 (radius: 5)
[02:40:16 -63710.111159] SLOW spr round 6 (radius: 5)
[02:42:07 -63710.111112] SLOW spr round 7 (radius: 10)
[02:44:04 -63706.572113] SLOW spr round 8 (radius: 5)
[02:46:08 -63706.565441] SLOW spr round 9 (radius: 10)
[02:48:12 -63706.565394] SLOW spr round 10 (radius: 15)
[02:50:51 -63706.565336] SLOW spr round 11 (radius: 20)
[02:54:27 -63706.554929] SLOW spr round 12 (radius: 25)
[02:58:58 -63706.554861] Model parameter optimization (eps = 0.100000)

[02:59:12] ML tree search #5, logLikelihood: -63706.151132



Final LogLikelihood: -63693.357318

AIC score: 130466.714636 / AICc score: 131010.513903 / BIC score: 141611.517424
Free parameters (model + branch lengths): 1540

Best ML tree saved to: /pasteur/homes/azhukova/projects/zika_Vietnam/data20200811/aln.fa.pos.raxml.bestTree
All ML trees saved to: /pasteur/homes/azhukova/projects/zika_Vietnam/data20200811/aln.fa.pos.raxml.mlTrees
Optimized model saved to: /pasteur/homes/azhukova/projects/zika_Vietnam/data20200811/aln.fa.pos.raxml.bestModel

Execution log saved to: /pasteur/homes/azhukova/projects/zika_Vietnam/data20200811/aln.fa.pos.raxml.log

Analysis started: 12-Aug-2020 17:42:13 / finished: 12-Aug-2020 20:41:26

Elapsed time: 10752.612 seconds

