
LEAST-SQUARE METHODS TO ESTIMATE RATES AND DATES - v0.3beta 


Input files:
  I                                 Input tree file : /home/azhukova/atlas/projects/zika_atlas/data/best_tree.pos.rooted_African.tempest.rooted.no_outliers.nwk
  D                                 Input date file : /home/azhukova/atlas/projects/zika_atlas/data/dates.tab
  P                                  Partition file : No
Output file:
  O                                    Output file  : /home/azhukova/atlas/projects/zika_atlas/data/best_tree.pos.rooted_African.tempest.rooted.no_outliers.dated
Parameters:
  C                                With constraints : Yes
  T                        Lower bound for the rate : 1.000e-10
  V                                  With variances : Yes, use variances based on branches estimated by LSD
  B                          Parameter of variances : 10
  S                                 Sequence Length : 10268
  R                               Estimate the root : Use fast method to search on all branches
  W                         Given substitution rate : No
  G                                 Given outgroups : No
  N                               Multiple data set : No
  F                    Compute confidence intervals : Yes, sampling 1000 times

  H to print Help 
  Y to accept or type a letter to change an option (Q = Exit) 
Tree 1 rate 4.053e-04 , tMRCA 1926.467563 , objective function 4.002426e+02
Re-estimate using variances based on the branch lengths of the previous run ...
rate 4.701e-04 , tMRCA 1934.709415 , objective function 4.420411e+02
rate 4.701e-04 [4.073e-04 , 4.990e-04] , tMRCA 1934.709415 [1926.575301 , 1939.123863] , objective function 4.420411e+02


*********************************************************
Elapsed time: 58.24 seconds
