
LEAST-SQUARE METHODS TO ESTIMATE RATES AND DATES - v0.3beta 


Input files:
  I                                 Input tree file : /home/azhukova/atlas/projects/zika_atlas/data/best_tree.pos.tempest.rooted.no_outliers.nwk
  D                                 Input date file : /home/azhukova/atlas/projects/zika_atlas/data/dates.tab
  P                                  Partition file : No
Output file:
  O                                    Output file  : /home/azhukova/atlas/projects/zika_atlas/data/best_tree.pos.tempest.rooted.no_outliers.dated
Parameters:
  C                                With constraints : Yes
  T                        Lower bound for the rate : 1.000e-10
  V                                  With variances : Yes, use variances based on branches estimated by LSD
  B                          Parameter of variances : 10
  S                                 Sequence Length : 10268
  R                               Estimate the root : Use fast method to search on all branches
  W                         Given substitution rate : No
  G                                 Given outgroups : No
  N                               Multiple data set : No
  F                    Compute confidence intervals : Yes, sampling 1000 times

  H to print Help 
  Y to accept or type a letter to change an option (Q = Exit) 
Tree 1 rate 3.885e-04 , tMRCA 1749.472073 , objective function 4.178106e+02
Re-estimate using variances based on the branch lengths of the previous run ...
rate 4.552e-04 , tMRCA 1785.603790 , objective function 4.734765e+02
rate 4.552e-04 [3.871e-04 , 4.860e-04] , tMRCA 1785.603790 [1746.961063 , 1801.838730] , objective function 4.734765e+02


*********************************************************
Elapsed time: 57.91 seconds
