IQ-TREE 1.6.9 built Jan 15 2019

Partition file name: /pasteur/homes/azhukova/projects/zika_atlas/data/partition_iq.pos.txt
Input file name: /pasteur/homes/azhukova/projects/zika_atlas/data/aln.fa
Type of analysis: tree reconstruction
Random seed number: 749446

REFERENCES
----------

To cite IQ-TREE please use:

Lam-Tung Nguyen, Heiko A. Schmidt, Arndt von Haeseler, and Bui Quang Minh
(2015) IQ-TREE: A fast and effective stochastic algorithm for estimating
maximum likelihood phylogenies. Mol Biol Evol, 32:268-274.
https://doi.org/10.1093/molbev/msu300

Since you used partition models please also cite:

Olga Chernomor, Arndt von Haeseler, and Bui Quang Minh (2016)
Terrace aware data structure for phylogenomic inference from
supermatrices. Syst Biol, 65:997-1008.
https://doi.org/10.1093/sysbio/syw037

SEQUENCE ALIGNMENT
------------------

Input data: 482 taxa with 2 partitions and 10269 total sites (0% missing data)

  ID  Name    Type	Seq	Site	Unique	Infor	Invar	Const
   1  pos_12  DNA	427	6846	4304	442	5665	5665
   2  pos_3   DNA	427	3423	3274	1898	1027	1027

Column meanings:
  Unique: Number of unique site patterns
  Infor:  Number of parsimony-informative sites
  Invar:  Number of invariant sites
  Const:  Number of constant sites (can be subset of invariant sites)

SUBSTITUTION PROCESS
--------------------

Edge-linked-proportional partition model but separate models between partitions

  ID  Model           Speed  Parameters
   1  GTR+FO+I+G6    0.3498  GTR{1.28971,3.86661,0.866342,0.659424,11.3184}+FO{0.283107,0.203722,0.292034,0.221137}+I{0.505103}+G6{1.15011}
   2  GTR+FO+I+G6    2.3004  GTR{0.84341,8.42055,1.71153,0.336559,22.3121}+FO{0.250924,0.257103,0.297958,0.194015}+I{0.0216612}+G6{2.81068}

MAXIMUM LIKELIHOOD TREE
-----------------------

Log-likelihood of the tree: -59544.8828 (s.e. 716.7529)
Unconstrained log-likelihood (without tree): -83537.9012
Number of free parameters (#branches + #model parameters): 872
Akaike information criterion (AIC) score: 120833.7657
Corrected Akaike information criterion (AICc) score: 120995.8040
Bayesian information criterion (BIC) score: 127144.3293

Total tree length (sum of branch lengths): 0.7729
Sum of internal branch lengths: 0.3521 (45.5538% of tree length)

WARNING: 204 near-zero internal branches (<0.0001) should be treated with caution
         Such branches are denoted by '**' in the figure below

NOTE: Tree is UNROOTED although outgroup taxon 'KJ776791' is drawn at root

+--KJ776791
|
|                                                                                 +--KF268949
|                                                                         +-------| (/1)
|                                                                         |       |  +--KF268948
|                                                                         |       +--| (/1)
|                                                                         |          +**KF268950
|                                            +----------------------------| (/1)
|                                            |                            |                    +--KX601166
|                                            |                            |                 +--| (/1)
|                                            |                            |                 |  |  +--KU955592
|                                            |                            |                 |  +--| (/0.998)
|                                            |                            |                 |     +--KU955595
|                                            |                            |              +--| (/1)
|                                            |                            |              |  +--HQ234501
|                                            |                            |           +--| (/1)
|                                            |                            |           |  +--MF510857
|                                            |                            |  +--------| (/1)
|                                            |                            |  |        |   +**KU963574
|                                            |                            |  |        +---| (/1)
|                                            |                            |  |            +**HQ234500
|                                            |                            +--| (/0.994)
|                                            |                               +---------KY288905
|                                   +--------| (/1)
|                                   |        |  +--KX377336
|                                   |        +--| (/1)
|                                   |           +**HQ234499
|                                +--| (/1)
|                                |  |  +--KU681082
|                                |  +--| (/1)
|                                |     |  +--KY553111
|                                |     +--| (/1)
|                                |        +--KY120353
|                             +--| (/1)
|                             |  |     +**KU955593
|                             |  |  +--| (/1)
|                             |  |  |  +**J860885
|                             |  +--| (/1)
|                             |     +--MG645981
|                          +--| (/1)
|                          |  |     +--KX051561
|                          |  |  +--| (/1)
|                          |  |  |  |  +--KX051562
|                          |  |  |  +--| (/1)
|                          |  |  |     +--KY328290
|                          |  +--| (/1)
|                          |     |     +**KX694532
|                          |     |  +--| (/1)
|                          |     |  |  +--KF993678
|                          |     +--| (/1)
|                          |        +--KY272987
|                       +--| (/0.996)
|                       |  +--KU179098
|                    +--| (/1)
|                    |  +--KX051560
|                 +--| (/0.872)
|                 |  |  +--MK238035
|                 |  +--| (/1)
|                 |     |     +--MK238038
|                 |     |  +--| (/1)
|                 |     |  |  +--MK238037
|                 |     +--| (/1)
|                 |        +--MK238036
|              +--| (/1)
|              |  +--KU681081
|           +--| (/1)
|           |  |                          +**KY241675
|           |  |                       +**| (/0.125)
|           |  |                       |  +**KY241676
|           |  |                    +**| (/0.125)
|           |  |                    |  |     +--KY241680
|           |  |                    |  |  +**| (/0.129)
|           |  |                    |  |  |  +--KY241756
|           |  |                    |  +**| (/0.125)
|           |  |                    |     +**KY241767
|           |  |                 +**| (/0.202)
|           |  |                 |  +--KY241678
|           |  |              +**| (/0.185)
|           |  |              |  +--KY241674
|           |  |           +**| (/0.126)
|           |  |           |  |                             +**KY241686
|           |  |           |  |                          +**| (/0.126)
|           |  |           |  |                          |  +**KY241694
|           |  |           |  |                       +--| (/0.994)
|           |  |           |  |                       |  +--KY241690
|           |  |           |  |                    +--| (/0.714)
|           |  |           |  |                    |  |  +**KY241692
|           |  |           |  |                    |  +**| (/0.133)
|           |  |           |  |                    |     +**KY241693
|           |  |           |  |                 +**| (/0.133)
|           |  |           |  |                 |  +--KY241683
|           |  |           |  |              +**| (/0.125)
|           |  |           |  |              |  |  +--KY241725
|           |  |           |  |              |  +**| (/0.126)
|           |  |           |  |              |     +--KY241733
|           |  |           |  |           +**| (/0.125)
|           |  |           |  |           |  |           +--KY241673
|           |  |           |  |           |  |        +--| (/0.998)
|           |  |           |  |           |  |        |  +--KY241766
|           |  |           |  |           |  |     +--| (/1)
|           |  |           |  |           |  |     |  |  +--KY241730
|           |  |           |  |           |  |     |  +**| (/0.126)
|           |  |           |  |           |  |     |     +**KY241787
|           |  |           |  |           |  |  +**| (/0.128)
|           |  |           |  |           |  |  |  +--KY241722
|           |  |           |  |           |  +**| (/0.125)
|           |  |           |  |           |     |     +--KY241689
|           |  |           |  |           |     |  +--| (/1)
|           |  |           |  |           |     |  |  +**KY241736
|           |  |           |  |           |     +**| (/0.127)
|           |  |           |  |           |        +--KY241720
|           |  |           |  |        +**| (/0.125)
|           |  |           |  |        |  |     +--KY241696
|           |  |           |  |        |  |  +**| (/0.127)
|           |  |           |  |        |  |  |  |  +--KY241726
|           |  |           |  |        |  |  |  +**| (/0.178)
|           |  |           |  |        |  |  |     +---KY241769
|           |  |           |  |        |  +**| (/0.125)
|           |  |           |  |        |     |  +--KY241779
|           |  |           |  |        |     +--| (/0.999)
|           |  |           |  |        |        +--KY241781
|           |  |           |  |     +**| (/0.125)
|           |  |           |  |     |  |  +**KY241699
|           |  |           |  |     |  +**| (/0.125)
|           |  |           |  |     |     |              +**KY241707
|           |  |           |  |     |     |           +**| (/0.125)
|           |  |           |  |     |     |           |  |     +**KY241744
|           |  |           |  |     |     |           |  |  +**| (/0.125)
|           |  |           |  |     |     |           |  |  |  +--KY241751
|           |  |           |  |     |     |           |  +**| (/0.125)
|           |  |           |  |     |     |           |     |     +--KY241688
|           |  |           |  |     |     |           |     |  +**| (/0.129)
|           |  |           |  |     |     |           |     |  |  +--KY241738
|           |  |           |  |     |     |           |     +**| (/0.125)
|           |  |           |  |     |     |           |        +**KY241734
|           |  |           |  |     |     |        +**| (/0.127)
|           |  |           |  |     |     |        |  |                    +--KY241671
|           |  |           |  |     |     |        |  |                 +**| (/0.129)
|           |  |           |  |     |     |        |  |                 |  +--KY241706
|           |  |           |  |     |     |        |  |              +**| (/0.125)
|           |  |           |  |     |     |        |  |              |  |     +**KY241698
|           |  |           |  |     |     |        |  |              |  |  +--| (/1)
|           |  |           |  |     |     |        |  |              |  |  |  +--KY241740
|           |  |           |  |     |     |        |  |              |  +**| (/0.126)
|           |  |           |  |     |     |        |  |              |     +--KY241783
|           |  |           |  |     |     |        |  |           +**| (/0.125)
|           |  |           |  |     |     |        |  |           |  +**KY241721
|           |  |           |  |     |     |        |  |        +**| (/0.127)
|           |  |           |  |     |     |        |  |        |  |  +--KY241716
|           |  |           |  |     |     |        |  |        |  +**| (/0.128)
|           |  |           |  |     |     |        |  |        |     +--KY241749
|           |  |           |  |     |     |        |  |     +--| (/1)
|           |  |           |  |     |     |        |  |     |  +--KY241697
|           |  |           |  |     |     |        |  |  +**| (/0.127)
|           |  |           |  |     |     |        |  |  |  +--KY241777
|           |  |           |  |     |     |        |  +**| (/0.125)
|           |  |           |  |     |     |        |     +--KY241773
|           |  |           |  |     |     |     +--| (/1)
|           |  |           |  |     |     |     |  +--KY241714
|           |  |           |  |     |     |  +**| (/0.126)
|           |  |           |  |     |     |  |  +--KY241679
|           |  |           |  |     |     +**| (/0.125)
|           |  |           |  |     |        |           +--KY241682
|           |  |           |  |     |        |        +**| (/0.127)
|           |  |           |  |     |        |        |  +--KY241727
|           |  |           |  |     |        |     +**| (/0.126)
|           |  |           |  |     |        |     |  +**KY241780
|           |  |           |  |     |        |  +--| (/1)
|           |  |           |  |     |        |  |  |  +--KY241776
|           |  |           |  |     |        |  |  +--| (/0.999)
|           |  |           |  |     |        |  |     +--KY241778
|           |  |           |  |     |        +**| (/0.126)
|           |  |           |  |     |           +--KY241687
|           |  |           |  |  +**| (/0.125)
|           |  |           |  |  |  |  +**KY241695
|           |  |           |  |  |  +**| (/0.125)
|           |  |           |  |  |     +--KY241754
|           |  |           |  +**| (/0.125)
|           |  |           |     |     +--KX813683
|           |  |           |     |  +--| (/1)
|           |  |           |     |  |  +**KY241713
|           |  |           |     +**| (/0.127)
|           |  |           |        +--KX827309
|           |  |        +--| (/1)
|           |  |        |  +--KY241704
|           |  |     +--| (/1)
|           |  |     |  +--MG807646
|           |  |  +--| (/1)
|           |  |  |  |     +--MG548660
|           |  |  |  |  +--| (/1)
|           |  |  |  |  |  +--LC369584
|           |  |  |  +--| (/1)
|           |  |  |     +--MH013290
|           |  +--| (/1)
|           |     |     +--KY126351
|           |     |  +--| (/1)
|           |     |  |  +--KY241691
|           |     +--| (/1)
|           |        +--MG807647
|        +--| (/1)
|        |  +--LC219720
|     +**| (/0.94)
|     |  +--KX447517
|  +--| (/1)
|  |  |                                         +**KX280026
|  |  |                                      +**| (/0.128)
|  |  |                                      |  +**MH513599
|  |  |                                   +--| (/1)
|  |  |                                   |  +--KX811222
|  |  |                                +**| (/0.947)
|  |  |                                |  |  +--KX879603
|  |  |                                |  +--| (/1)
|  |  |                                |     |  +--KX879604
|  |  |                                |     +**| (/0.125)
|  |  |                                |        +--MF794971
|  |  |                             +--| (/1)
|  |  |                             |  |  +--KU527068
|  |  |                             |  +**| (/0.971)
|  |  |                             |     |                                                              +**KX842449
|  |  |                             |     |                                                           +**| (/0.125)
|  |  |                             |     |                                                           |  |     +--KX922704
|  |  |                             |     |                                                           |  |  +**| (/0.128)
|  |  |                             |     |                                                           |  |  |  +--KY325467
|  |  |                             |     |                                                           |  +**| (/0.125)
|  |  |                             |     |                                                           |     |  +--KX832731
|  |  |                             |     |                                                           |     +**| (/0.128)
|  |  |                             |     |                                                           |        |     +**KX838904
|  |  |                             |     |                                                           |        |  +--| (/1)
|  |  |                             |     |                                                           |        |  |  +**KY014324
|  |  |                             |     |                                                           |        +--| (/0.996)
|  |  |                             |     |                                                           |           |        +**KY075938
|  |  |                             |     |                                                           |           |     +**| (/0.127)
|  |  |                             |     |                                                           |           |     |  +**KY785472
|  |  |                             |     |                                                           |           |  +**| (/0.174)
|  |  |                             |     |                                                           |           |  |  +--KY325477
|  |  |                             |     |                                                           |           +**| (/0.197)
|  |  |                             |     |                                                           |              +--KY325483
|  |  |                             |     |                                                        +**| (/0.125)
|  |  |                             |     |                                                        |  |  +**KY325472
|  |  |                             |     |                                                        |  +**| (/0.125)
|  |  |                             |     |                                                        |     +--KX922706
|  |  |                             |     |                                                     +**| (/0.128)
|  |  |                             |     |                                                     |  |     +--KY075936
|  |  |                             |     |                                                     |  |  +**| (/0.155)
|  |  |                             |     |                                                     |  |  |  +--KY785474
|  |  |                             |     |                                                     |  +**| (/0.166)
|  |  |                             |     |                                                     |     +--KY325478
|  |  |                             |     |                                                  +--| (/1)
|  |  |                             |     |                                                  |  |              +--KX838905
|  |  |                             |     |                                                  |  |           +**| (/0.126)
|  |  |                             |     |                                                  |  |           |  +--KY325469
|  |  |                             |     |                                                  |  |        +**| (/0.125)
|  |  |                             |     |                                                  |  |        |  |     +--KX922703
|  |  |                             |     |                                                  |  |        |  |  +**| (/0.172)
|  |  |                             |     |                                                  |  |        |  |  |  +**KY785445
|  |  |                             |     |                                                  |  |        |  +**| (/0.125)
|  |  |                             |     |                                                  |  |        |     +**KY325468
|  |  |                             |     |                                                  |  |     +**| (/0.129)
|  |  |                             |     |                                                  |  |     |  |  +**KY075939
|  |  |                             |     |                                                  |  |     |  +--| (/1)
|  |  |                             |     |                                                  |  |     |     +**KY785468
|  |  |                             |     |                                                  |  |  +**| (/0.201)
|  |  |                             |     |                                                  |  |  |  |  +--KY075935
|  |  |                             |     |                                                  |  |  |  +--| (/1)
|  |  |                             |     |                                                  |  |  |     +**KY785412
|  |  |                             |     |                                                  |  +**| (/0.193)
|  |  |                             |     |                                                  |     +**KY014326
|  |  |                             |     |                                               +--| (/1)
|  |  |                             |     |                                               |  +**KY785443
|  |  |                             |     |                                            +--| (/1)
|  |  |                             |     |                                            |  +--KY785425
|  |  |                             |     |                                         +--| (/1)
|  |  |                             |     |                                         |  +--MF098765
|  |  |                             |     |                                      +**| (/0.126)
|  |  |                             |     |                                      |  |                 +--KX838906
|  |  |                             |     |                                      |  |              +**| (/0.126)
|  |  |                             |     |                                      |  |              |  |     +--KX922705
|  |  |                             |     |                                      |  |              |  |  +**| (/0.194)
|  |  |                             |     |                                      |  |              |  |  |  +**KY014298
|  |  |                             |     |                                      |  |              |  +**| (/0.126)
|  |  |                             |     |                                      |  |              |     +--KY325473
|  |  |                             |     |                                      |  |           +--| (/1)
|  |  |                             |     |                                      |  |           |  |     +--KX922708
|  |  |                             |     |                                      |  |           |  |  +--| (/1)
|  |  |                             |     |                                      |  |           |  |  |  +--KY014299
|  |  |                             |     |                                      |  |           |  +--| (/1)
|  |  |                             |     |                                      |  |           |     |  +**MF988743
|  |  |                             |     |                                      |  |           |     +**| (/0.208)
|  |  |                             |     |                                      |  |           |        +**KY785459
|  |  |                             |     |                                      |  |        +--| (/0.999)
|  |  |                             |     |                                      |  |        |  |     +**KY075937
|  |  |                             |     |                                      |  |        |  |  +--| (/1)
|  |  |                             |     |                                      |  |        |  |  |  +**KY785422
|  |  |                             |     |                                      |  |        |  +--| (/0.988)
|  |  |                             |     |                                      |  |        |     +--KY325482
|  |  |                             |     |                                      |  |     +--| (/0.935)
|  |  |                             |     |                                      |  |     |  |  +--KY325464
|  |  |                             |     |                                      |  |     |  +--| (/1)
|  |  |                             |     |                                      |  |     |     +--KY325476
|  |  |                             |     |                                      |  |  +--| (/1)
|  |  |                             |     |                                      |  |  |  +--KY325471
|  |  |                             |     |                                      |  +**| (/0.147)
|  |  |                             |     |                                      |     +--KY785424
|  |  |                             |     |                                   +--| (/1)
|  |  |                             |     |                                   |  |     +--KY014300
|  |  |                             |     |                                   |  |  +--| (/1)
|  |  |                             |     |                                   |  |  |  +--KY785453
|  |  |                             |     |                                   |  +**| (/0.968)
|  |  |                             |     |                                   |     +--KY785430
|  |  |                             |     |                                +**| (/0.125)
|  |  |                             |     |                                |  |                    +**KY415986
|  |  |                             |     |                                |  |                 +**| (/0.125)
|  |  |                             |     |                                |  |                 |  +**KY415987
|  |  |                             |     |                                |  |              +**| (/0.127)
|  |  |                             |     |                                |  |              |  |  +--KX673530
|  |  |                             |     |                                |  |              |  +--| (/1)
|  |  |                             |     |                                |  |              |     +**KY415988
|  |  |                             |     |                                |  |           +--| (/1)
|  |  |                             |     |                                |  |           |  |  +**KY415989
|  |  |                             |     |                                |  |           |  +--| (/1)
|  |  |                             |     |                                |  |           |     +**KY415991
|  |  |                             |     |                                |  |        +--| (/0.956)
|  |  |                             |     |                                |  |        |  +**MF783072
|  |  |                             |     |                                |  |     +--| (/1)
|  |  |                             |     |                                |  |     |  +--MF384325
|  |  |                             |     |                                |  |  +**| (/0.935)
|  |  |                             |     |                                |  |  |  +--MH063261
|  |  |                             |     |                                |  +**| (/0.13)
|  |  |                             |     |                                |     |     +**MF098768
|  |  |                             |     |                                |     |  +**| (/0.128)
|  |  |                             |     |                                |     |  |  +**MF098769
|  |  |                             |     |                                |     +--| (/1)
|  |  |                             |     |                                |        +--MF664436
|  |  |                             |     |                             +**| (/0.125)
|  |  |                             |     |                             |  |     +--KX269878
|  |  |                             |     |                             |  |  +**| (/0.127)
|  |  |                             |     |                             |  |  |  |  +--KY785435
|  |  |                             |     |                             |  |  |  +--| (/1)
|  |  |                             |     |                             |  |  |     +--KY785484
|  |  |                             |     |                             |  +**| (/0.125)
|  |  |                             |     |                             |     |  +--MF098766
|  |  |                             |     |                             |     +**| (/0.128)
|  |  |                             |     |                             |        |  +--MF438286
|  |  |                             |     |                             |        +**| (/0.96)
|  |  |                             |     |                             |           |  +--MH063264
|  |  |                             |     |                             |           +--| (/1)
|  |  |                             |     |                             |              +--MH063260
|  |  |                             |     |                          +**| (/0.125)
|  |  |                             |     |                          |  |     +--KX922707
|  |  |                             |     |                          |  |  +--| (/1)
|  |  |                             |     |                          |  |  |  +--KU853012
|  |  |                             |     |                          |  +**| (/0.125)
|  |  |                             |     |                          |     |        +--KY785441
|  |  |                             |     |                          |     |     +**| (/0.126)
|  |  |                             |     |                          |     |     |  +--KY785423
|  |  |                             |     |                          |     |  +**| (/0.125)
|  |  |                             |     |                          |     |  |  +--KY785419
|  |  |                             |     |                          |     +**| (/0.145)
|  |  |                             |     |                          |        +--KY785465
|  |  |                             |     |                       +**| (/0.125)
|  |  |                             |     |                       |  |        +--KY014314
|  |  |                             |     |                       |  |     +**| (/0.147)
|  |  |                             |     |                       |  |     |  +--KY785470
|  |  |                             |     |                       |  |  +--| (/1)
|  |  |                             |     |                       |  |  |  +--KY785415
|  |  |                             |     |                       |  +**| (/0.128)
|  |  |                             |     |                       |     |  +--KY014318
|  |  |                             |     |                       |     +--| (/1)
|  |  |                             |     |                       |        +--KY785420
|  |  |                             |     |                    +--| (/0.999)
|  |  |                             |     |                    |  |  +--LC190723
|  |  |                             |     |                    |  +**| (/0.127)
|  |  |                             |     |                    |     |  +--MF098764
|  |  |                             |     |                    |     +--| (/1)
|  |  |                             |     |                    |        +--KY785413
|  |  |                             |     |                 +**| (/0.126)
|  |  |                             |     |                 |  +--KY014302
|  |  |                             |     |              +--| (/1)
|  |  |                             |     |              |  +--KY785476
|  |  |                             |     |           +--| (/1)
|  |  |                             |     |           |  +--KY559026
|  |  |                             |     |        +**| (/0.929)
|  |  |                             |     |        |  +--MF098767
|  |  |                             |     |     +--| (/0.998)
|  |  |                             |     |     |  +--KY558989
|  |  |                             |     |  +**| (/0.129)
|  |  |                             |     |  |  |     +--KU729217
|  |  |                             |     |  |  |  +--| (/1)
|  |  |                             |     |  |  |  |  +--KY120352
|  |  |                             |     |  |  +--| (/1)
|  |  |                             |     |  |     |  +--MF073358
|  |  |                             |     |  |     +**| (/0.137)
|  |  |                             |     |  |        +--KY785426
|  |  |                             |     +--| (/1)
|  |  |                             |        +--MF073359
|  |  |                          +**| (/0.126)
|  |  |                          |  |  +--KY241788
|  |  |                          |  +**| (/0.152)
|  |  |                          |     |     +--KY559005
|  |  |                          |     |  +**| (/0.934)
|  |  |                          |     |  |  +--KY559007
|  |  |                          |     +--| (/1)
|  |  |                          |        |     +--KY559013
|  |  |                          |        |  +--| (/0.996)
|  |  |                          |        |  |  |        +**KY559018
|  |  |                          |        |  |  |     +**| (/0.126)
|  |  |                          |        |  |  |     |  +**KY559023
|  |  |                          |        |  |  |  +--| (/1)
|  |  |                          |        |  |  |  |  +**KY559024
|  |  |                          |        |  |  +--| (/0.997)
|  |  |                          |        |  |     +**KY559019
|  |  |                          |        +--| (/1)
|  |  |                          |           |     +--KY559006
|  |  |                          |           |  +**| (/0.164)
|  |  |                          |           |  |  |  +--KY559009
|  |  |                          |           |  |  +**| (/0.137)
|  |  |                          |           |  |     |     +--KY559010
|  |  |                          |           |  |     |  +**| (/0.131)
|  |  |                          |           |  |     |  |  +--KY559012
|  |  |                          |           |  |     +**| (/0.128)
|  |  |                          |           |  |        +--KY559011
|  |  |                          |           +**| (/0.138)
|  |  |                          |              +--KY559017
|  |  |                       +**| (/0.125)
|  |  |                       |  |                                                        +--KX827268
|  |  |                       |  |                                                     +**| (/0.129)
|  |  |                       |  |                                                     |  +--KY631493
|  |  |                       |  |                                                  +--| (/1)
|  |  |                       |  |                                                  |  |  +--KY606272
|  |  |                       |  |                                                  |  +**| (/0.129)
|  |  |                       |  |                                                  |     +--MF801413
|  |  |                       |  |                                               +**| (/0.128)
|  |  |                       |  |                                               |  |           +--KX446950
|  |  |                       |  |                                               |  |        +--| (/0.992)
|  |  |                       |  |                                               |  |        |  +--KX446951
|  |  |                       |  |                                               |  |     +--| (/1)
|  |  |                       |  |                                               |  |     |  +--KY120349
|  |  |                       |  |                                               |  |  +**| (/0.127)
|  |  |                       |  |                                               |  |  |  +--MF801395
|  |  |                       |  |                                               |  +**| (/0.125)
|  |  |                       |  |                                               |     |     +**KX856011
|  |  |                       |  |                                               |     |  +--| (/1)
|  |  |                       |  |                                               |     |  |  +--KY648934
|  |  |                       |  |                                               |     +**| (/0.128)
|  |  |                       |  |                                               |        |  +--MF801398
|  |  |                       |  |                                               |        +**| (/0.132)
|  |  |                       |  |                                               |           +--MF801393
|  |  |                       |  |                                            +**| (/0.187)
|  |  |                       |  |                                            |  +--MF098771
|  |  |                       |  |                                         +--| (/1)
|  |  |                       |  |                                         |  |  +--MF801414
|  |  |                       |  |                                         |  +--| (/0.872)
|  |  |                       |  |                                         |     |  +--MF801417
|  |  |                       |  |                                         |     +--| (/1)
|  |  |                       |  |                                         |        +--MF801401
|  |  |                       |  |                                      +**| (/0.779)
|  |  |                       |  |                                      |  |        +--MF801412
|  |  |                       |  |                                      |  |     +--| (/0.992)
|  |  |                       |  |                                      |  |     |  +---MF801415
|  |  |                       |  |                                      |  |  +--| (/0.892)
|  |  |                       |  |                                      |  |  |  +--MF801391
|  |  |                       |  |                                      |  +--| (/1)
|  |  |                       |  |                                      |     +--MF801419
|  |  |                       |  |                                   +**| (/0.149)
|  |  |                       |  |                                   |  |  +--MF801382
|  |  |                       |  |                                   |  +--| (/0.922)
|  |  |                       |  |                                   |     |  +--MF801407
|  |  |                       |  |                                   |     +--| (/1)
|  |  |                       |  |                                   |        +--MF801422
|  |  |                       |  |                                +**| (/0.127)
|  |  |                       |  |                                |  +--MF593625
|  |  |                       |  |                             +**| (/0.125)
|  |  |                       |  |                             |  |           +--MF159531
|  |  |                       |  |                             |  |        +**| (/0.157)
|  |  |                       |  |                             |  |        |  +--MH063265
|  |  |                       |  |                             |  |     +**| (/0.66)
|  |  |                       |  |                             |  |     |  |     +--MH063263
|  |  |                       |  |                             |  |     |  |  +--| (/1)
|  |  |                       |  |                             |  |     |  |  |  +--MH063259
|  |  |                       |  |                             |  |     |  +--| (/1)
|  |  |                       |  |                             |  |     |     +--MH063262
|  |  |                       |  |                             |  |  +--| (/0.999)
|  |  |                       |  |                             |  |  |  +--MF988734
|  |  |                       |  |                             |  +--| (/0.997)
|  |  |                       |  |                             |     +--MF801380
|  |  |                       |  |                          +**| (/0.125)
|  |  |                       |  |                          |  |        +**KY325465
|  |  |                       |  |                          |  |     +--| (/1)
|  |  |                       |  |                          |  |     |  +**KY325479
|  |  |                       |  |                          |  |  +**| (/0.969)
|  |  |                       |  |                          |  |  |  +--MF801426
|  |  |                       |  |                          |  +**| (/0.126)
|  |  |                       |  |                          |     |     +--MF801384
|  |  |                       |  |                          |     |  +--| (/1)
|  |  |                       |  |                          |     |  |  +--MF801386
|  |  |                       |  |                          |     +**| (/0.96)
|  |  |                       |  |                          |        +--MF801408
|  |  |                       |  |                       +**| (/0.125)
|  |  |                       |  |                       |  |              +--KY765325
|  |  |                       |  |                       |  |           +--| (/1)
|  |  |                       |  |                       |  |           |  +--KY693677
|  |  |                       |  |                       |  |        +--| (/1)
|  |  |                       |  |                       |  |        |  +--KY014306
|  |  |                       |  |                       |  |     +--| (/0.999)
|  |  |                       |  |                       |  |     |  |     +--KY014315
|  |  |                       |  |                       |  |     |  |  +--| (/1)
|  |  |                       |  |                       |  |     |  |  |  +**KY785418
|  |  |                       |  |                       |  |     |  +**| (/0.974)
|  |  |                       |  |                       |  |     |     +--MF801410
|  |  |                       |  |                       |  |  +**| (/0.125)
|  |  |                       |  |                       |  |  |  |  +--MF801378
|  |  |                       |  |                       |  |  |  +**| (/0.126)
|  |  |                       |  |                       |  |  |     +--MF801397
|  |  |                       |  |                       |  +**| (/0.125)
|  |  |                       |  |                       |     |           +**KU501217
|  |  |                       |  |                       |     |        +--| (/1)
|  |  |                       |  |                       |     |        |  +--KU501216
|  |  |                       |  |                       |     |     +**| (/0.127)
|  |  |                       |  |                       |     |     |  |        +**KY606273
|  |  |                       |  |                       |     |     |  |     +--| (/0.999)
|  |  |                       |  |                       |     |     |  |     |  +--MF801423
|  |  |                       |  |                       |     |     |  |  +**| (/0.977)
|  |  |                       |  |                       |     |     |  |  |  +--MG494697
|  |  |                       |  |                       |     |     |  +--| (/1)
|  |  |                       |  |                       |     |     |     |     +--MF801399
|  |  |                       |  |                       |     |     |     |  +--| (/0.406)
|  |  |                       |  |                       |     |     |     |  |  +--MF801411
|  |  |                       |  |                       |     |     |     +**| (/0.192)
|  |  |                       |  |                       |     |     |        +--MF801400
|  |  |                       |  |                       |     |  +--| (/1)
|  |  |                       |  |                       |     |  |  |  +--MF801381
|  |  |                       |  |                       |     |  |  +**| (/0.129)
|  |  |                       |  |                       |     |  |     +--MF801403
|  |  |                       |  |                       |     +**| (/0.126)
|  |  |                       |  |                       |        |  +--KX262887
|  |  |                       |  |                       |        +--| (/1)
|  |  |                       |  |                       |           +--KX906952
|  |  |                       |  |                    +**| (/0.125)
|  |  |                       |  |                    |  |                       +--KY765317
|  |  |                       |  |                    |  |                    +--| (/1)
|  |  |                       |  |                    |  |                    |  +--KY765318
|  |  |                       |  |                    |  |                 +--| (/1)
|  |  |                       |  |                    |  |                 |  +--MF434521
|  |  |                       |  |                    |  |              +**| (/0.125)
|  |  |                       |  |                    |  |              |  +--KY014319
|  |  |                       |  |                    |  |           +--| (/0.998)
|  |  |                       |  |                    |  |           |  +--KY785442
|  |  |                       |  |                    |  |        +--| (/0.994)
|  |  |                       |  |                    |  |        |  +--KY014310
|  |  |                       |  |                    |  |     +--| (/1)
|  |  |                       |  |                    |  |     |  |     +--KY328289
|  |  |                       |  |                    |  |     |  |  +**| (/0.175)
|  |  |                       |  |                    |  |     |  |  |  |  +--KY014312
|  |  |                       |  |                    |  |     |  |  |  +--| (/0.987)
|  |  |                       |  |                    |  |     |  |  |     +--KY785452
|  |  |                       |  |                    |  |     |  +--| (/0.996)
|  |  |                       |  |                    |  |     |     +--MF801385
|  |  |                       |  |                    |  |  +--| (/1)
|  |  |                       |  |                    |  |  |  |  +--KY765324
|  |  |                       |  |                    |  |  |  +--| (/1)
|  |  |                       |  |                    |  |  |     +--MF434518
|  |  |                       |  |                    |  +**| (/0.126)
|  |  |                       |  |                    |     |        +--KY606271
|  |  |                       |  |                    |     |     +--| (/0.933)
|  |  |                       |  |                    |     |     |  +--MF801404
|  |  |                       |  |                    |     |  +--| (/0.999)
|  |  |                       |  |                    |     |  |  |     +--MF801396
|  |  |                       |  |                    |     |  |  |  +**| (/0.922)
|  |  |                       |  |                    |     |  |  |  |  +--MF801418
|  |  |                       |  |                    |     |  |  +**| (/0.127)
|  |  |                       |  |                    |     |  |     +--MF801402
|  |  |                       |  |                    |     +**| (/0.178)
|  |  |                       |  |                    |        +--MF801383
|  |  |                       |  |                 +**| (/0.128)
|  |  |                       |  |                 |  |                 +**KX421194
|  |  |                       |  |                 |  |              +**| (/0.129)
|  |  |                       |  |                 |  |              |  +**KX421195
|  |  |                       |  |                 |  |           +--| (/1)
|  |  |                       |  |                 |  |           |  +--KY765319
|  |  |                       |  |                 |  |        +**| (/0.168)
|  |  |                       |  |                 |  |        |  +--KY606274
|  |  |                       |  |                 |  |     +**| (/0.125)
|  |  |                       |  |                 |  |     |  |  +--KU870645
|  |  |                       |  |                 |  |     |  +--| (/0.952)
|  |  |                       |  |                 |  |     |     +--KY785431
|  |  |                       |  |                 |  |  +**| (/0.129)
|  |  |                       |  |                 |  |  |  |           +--KY785448
|  |  |                       |  |                 |  |  |  |        +**| (/0.127)
|  |  |                       |  |                 |  |  |  |        |  +--MF434516
|  |  |                       |  |                 |  |  |  |     +--| (/0.993)
|  |  |                       |  |                 |  |  |  |     |  |     +--KY693676
|  |  |                       |  |                 |  |  |  |     |  |  +--| (/1)
|  |  |                       |  |                 |  |  |  |     |  |  |  +--KY785414
|  |  |                       |  |                 |  |  |  |     |  +**| (/0.126)
|  |  |                       |  |                 |  |  |  |     |     +--MF434522
|  |  |                       |  |                 |  |  |  |  +--| (/0.993)
|  |  |                       |  |                 |  |  |  |  |  +--MF434517
|  |  |                       |  |                 |  |  |  +**| (/0.13)
|  |  |                       |  |                 |  |  |     +--MF801387
|  |  |                       |  |                 |  +--| (/0.999)
|  |  |                       |  |                 |     +--MF801389
|  |  |                       |  |              +--| (/1)
|  |  |                       |  |              |  |     +--KY765323
|  |  |                       |  |              |  |  +--| (/0.966)
|  |  |                       |  |              |  |  |  +--MF801377
|  |  |                       |  |              |  +--| (/0.989)
|  |  |                       |  |              |     +--MF801406
|  |  |                       |  |           +**| (/0.127)
|  |  |                       |  |           |  +--KY785410
|  |  |                       |  |        +--| (/0.999)
|  |  |                       |  |        |  |     +--KU926309
|  |  |                       |  |        |  |  +**| (/0.125)
|  |  |                       |  |        |  |  |  |     +--KY559032
|  |  |                       |  |        |  |  |  |  +**| (/0.157)
|  |  |                       |  |        |  |  |  |  |  +--KY014308
|  |  |                       |  |        |  |  |  +**| (/0.171)
|  |  |                       |  |        |  |  |     +--KY785437
|  |  |                       |  |        |  +--| (/1)
|  |  |                       |  |        |     |  +--KY272991
|  |  |                       |  |        |     +**| (/0.165)
|  |  |                       |  |        |        +--KY559025
|  |  |                       |  |     +--| (/0.999)
|  |  |                       |  |     |  |                                         +--KX377337
|  |  |                       |  |     |  |                                      +--| (/0.985)
|  |  |                       |  |     |  |                                      |  +--KY075933
|  |  |                       |  |     |  |                                   +--| (/0.994)
|  |  |                       |  |     |  |                                   |  |  +--KY075934
|  |  |                       |  |     |  |                                   |  +--| (/1)
|  |  |                       |  |     |  |                                   |     |  +--KY785464
|  |  |                       |  |     |  |                                   |     +**| (/0.181)
|  |  |                       |  |     |  |                                   |        +--KY785462
|  |  |                       |  |     |  |                                +**| (/0.246)
|  |  |                       |  |     |  |                                |  +--KY785481
|  |  |                       |  |     |  |                             +--| (/1)
|  |  |                       |  |     |  |                             |  +--KY785456
|  |  |                       |  |     |  |                          +**| (/0.127)
|  |  |                       |  |     |  |                          |  +--KU365778
|  |  |                       |  |     |  |                       +--| (/1)
|  |  |                       |  |     |  |                       |  |     +--KY348640
|  |  |                       |  |     |  |                       |  |  +**| (/0.128)
|  |  |                       |  |     |  |                       |  |  |  +--KU937936
|  |  |                       |  |     |  |                       |  +--| (/1)
|  |  |                       |  |     |  |                       |     +--KU758877
|  |  |                       |  |     |  |                    +**| (/0)
|  |  |                       |  |     |  |                    |  |  +--MF073357
|  |  |                       |  |     |  |                    |  +--| (/1)
|  |  |                       |  |     |  |                    |     |  +--KY441402
|  |  |                       |  |     |  |                    |     +**| (/0.126)
|  |  |                       |  |     |  |                    |        +--KY441403
|  |  |                       |  |     |  |                 +--| (/0.999)
|  |  |                       |  |     |  |                 |  |  +--KU820898
|  |  |                       |  |     |  |                 |  +--| (/1)
|  |  |                       |  |     |  |                 |     |           +**KU955590
|  |  |                       |  |     |  |                 |     |        +--| (/1)
|  |  |                       |  |     |  |                 |     |        |  +--MF167360
|  |  |                       |  |     |  |                 |     |     +--| (/1)
|  |  |                       |  |     |  |                 |     |     |  +**KY379148
|  |  |                       |  |     |  |                 |     |  +--| (/1)
|  |  |                       |  |     |  |                 |     |  |  +**KX056898
|  |  |                       |  |     |  |                 |     +--| (/0.996)
|  |  |                       |  |     |  |                 |        +--KX766028
|  |  |                       |  |     |  |              +**| (/0.126)
|  |  |                       |  |     |  |              |  |  +**KY014297
|  |  |                       |  |     |  |              |  +--| (/1)
|  |  |                       |  |     |  |              |     +**KY785450
|  |  |                       |  |     |  |           +--| (/1)
|  |  |                       |  |     |  |           |  +--KU312312
|  |  |                       |  |     |  |        +--| (/1)
|  |  |                       |  |     |  |        |  |     +**KU365779
|  |  |                       |  |     |  |        |  |  +**| (/0.13)
|  |  |                       |  |     |  |        |  |  |  +**KU707826
|  |  |                       |  |     |  |        |  +--| (/1)
|  |  |                       |  |     |  |        |     |  +**KU365777
|  |  |                       |  |     |  |        |     +--| (/1)
|  |  |                       |  |     |  |        |        +--KU365780
|  |  |                       |  |     |  |     +**| (/0.127)
|  |  |                       |  |     |  |     |  +--MH513600
|  |  |                       |  |     |  |  +**| (/0.13)
|  |  |                       |  |     |  |  |  |  +--KY631492
|  |  |                       |  |     |  |  |  +--| (/1)
|  |  |                       |  |     |  |  |     +--KY693680
|  |  |                       |  |     |  +--| (/1)
|  |  |                       |  |     |     +--KY441401
|  |  |                       |  |  +**| (/0.127)
|  |  |                       |  |  |  |  +--KX197205
|  |  |                       |  |  |  +--| (/0.999)
|  |  |                       |  |  |     +--KY559021
|  |  |                       |  +**| (/0.125)
|  |  |                       |     |                                            +--KU820897
|  |  |                       |     |                                         +--| (/1)
|  |  |                       |     |                                         |  |     +**KX702400
|  |  |                       |     |                                         |  |  +--| (/1)
|  |  |                       |     |                                         |  |  |  +**KX893855
|  |  |                       |     |                                         |  +--| (/1)
|  |  |                       |     |                                         |     +**KX247646
|  |  |                       |     |                                      +--| (/0.994)
|  |  |                       |     |                                      |  |  +--KX156774
|  |  |                       |     |                                      |  +--| (/1)
|  |  |                       |     |                                      |     |  +--KX156775
|  |  |                       |     |                                      |     +**| (/0.126)
|  |  |                       |     |                                      |        +--KX156776
|  |  |                       |     |                                   +**| (/0.177)
|  |  |                       |     |                                   |  +--KY785466
|  |  |                       |     |                                +**| (/0.125)
|  |  |                       |     |                                |  |  +--KY785469
|  |  |                       |     |                                |  +**| (/0.127)
|  |  |                       |     |                                |     +--KX198135
|  |  |                       |     |                             +**| (/0.128)
|  |  |                       |     |                             |  |     +--KY317936
|  |  |                       |     |                             |  |  +--| (/1)
|  |  |                       |     |                             |  |  |  +--KY317939
|  |  |                       |     |                             |  +**| (/0.127)
|  |  |                       |     |                             |     |  +--KY317938
|  |  |                       |     |                             |     +--| (/0.994)
|  |  |                       |     |                             |        +--KY317940
|  |  |                       |     |                          +--| (/1)
|  |  |                       |     |                          |  +--KY014303
|  |  |                       |     |                       +--| (/1)
|  |  |                       |     |                       |  |           +**KU647676
|  |  |                       |     |                       |  |        +--| (/1)
|  |  |                       |     |                       |  |        |  |  +--KU922923
|  |  |                       |     |                       |  |        |  +--| (/1)
|  |  |                       |     |                       |  |        |     +**KU922960
|  |  |                       |     |                       |  |     +--| (/1)
|  |  |                       |     |                       |  |     |  |  +--KY075932
|  |  |                       |     |                       |  |     |  +--| (/1)
|  |  |                       |     |                       |  |     |     +--KY785451
|  |  |                       |     |                       |  |  +--| (/1)
|  |  |                       |     |                       |  |  |  |  +--KY317937
|  |  |                       |     |                       |  |  |  +**| (/0.127)
|  |  |                       |     |                       |  |  |     |  +--KY693678
|  |  |                       |     |                       |  |  |     +--| (/1)
|  |  |                       |     |                       |  |  |        +--KY693679
|  |  |                       |     |                       |  +**| (/0.979)
|  |  |                       |     |                       |     +--KX548902
|  |  |                       |     |                    +--| (/0.983)
|  |  |                       |     |                    |  +--KY558996
|  |  |                       |     |                 +**| (/0.127)
|  |  |                       |     |                 |  +--KY558999
|  |  |                       |     |              +--| (/1)
|  |  |                       |     |              |  |     +--KY785455
|  |  |                       |     |              |  |  +--| (/1)
|  |  |                       |     |              |  |  |  +--KY785480
|  |  |                       |     |              |  +**| (/0.142)
|  |  |                       |     |              |     |  +--KY559015
|  |  |                       |     |              |     +--| (/1)
|  |  |                       |     |              |        +--KY559014
|  |  |                       |     |           +**| (/0.127)
|  |  |                       |     |           |  |  +--KU497555
|  |  |                       |     |           |  +**| (/0.147)
|  |  |                       |     |           |     |  +--KU991811
|  |  |                       |     |           |     +--| (/0.972)
|  |  |                       |     |           |        |  +--KY558995
|  |  |                       |     |           |        +**| (/0.161)
|  |  |                       |     |           |           +--KY559001
|  |  |                       |     |        +**| (/0.186)
|  |  |                       |     |        |  |  +--KY014307
|  |  |                       |     |        |  +--| (/1)
|  |  |                       |     |        |     +--KY785433
|  |  |                       |     |     +**| (/0.197)
|  |  |                       |     |     |  +--KY785429
|  |  |                       |     |  +--| (/0.993)
|  |  |                       |     |  |  +--KY559003
|  |  |                       |     +**| (/0.13)
|  |  |                       |        |              +--KY014296
|  |  |                       |        |           +--| (/1)
|  |  |                       |        |           |  +**KY014320
|  |  |                       |        |        +**| (/0.129)
|  |  |                       |        |        |  |  +--KY559031
|  |  |                       |        |        |  +**| (/0.181)
|  |  |                       |        |        |     |  +--KY014301
|  |  |                       |        |        |     +--| (/0.388)
|  |  |                       |        |        |        +--KY785479
|  |  |                       |        |     +**| (/0.148)
|  |  |                       |        |     |  |  +--KY014309
|  |  |                       |        |     |  +**| (/0.128)
|  |  |                       |        |     |     |  +--KY785427
|  |  |                       |        |     |     +**| (/0.916)
|  |  |                       |        |     |        |  +--MH763832
|  |  |                       |        |     |        +--| (/1)
|  |  |                       |        |     |           +**MH763833
|  |  |                       |        |  +--| (/0.995)
|  |  |                       |        |  |  +--KY014317
|  |  |                       |        +--| (/1)
|  |  |                       |           +--KY014313
|  |  |                    +--| (/0.996)
|  |  |                    |  |                 +**KU940224
|  |  |                    |  |              +--| (/1)
|  |  |                    |  |              |  +--KX520666
|  |  |                    |  |           +**| (/0.176)
|  |  |                    |  |           |  +**KU940228
|  |  |                    |  |        +--| (/0.999)
|  |  |                    |  |        |  |  +--KU940227
|  |  |                    |  |        |  +--| (/1)
|  |  |                    |  |        |     |  +--KX101061
|  |  |                    |  |        |     +--| (/0.97)
|  |  |                    |  |        |        +--KX101066
|  |  |                    |  |     +--| (/1)
|  |  |                    |  |     |  +--KX101060
|  |  |                    |  |  +--| (/1)
|  |  |                    |  |  |  |  +**KY003153
|  |  |                    |  |  |  +--| (/1)
|  |  |                    |  |  |     +--KY003154
|  |  |                    |  +**| (/0.155)
|  |  |                    |     +--KU729218
|  |  |                 +--| (/1)
|  |  |                 |  |              +**KR872956
|  |  |                 |  |           +**| (/0.127)
|  |  |                 |  |           |  +**KU321639
|  |  |                 |  |        +--| (/1)
|  |  |                 |  |        |  +--MF352141
|  |  |                 |  |     +**| (/0.14)
|  |  |                 |  |     |  +**KU509998
|  |  |                 |  |  +--| (/1)
|  |  |                 |  |  |  +--KU744693
|  |  |                 |  +--| (/1)
|  |  |                 |     +--KX051563
|  |  |              +--| (/1)
|  |  |              |  +--KX447510
|  |  |           +**| (/0.128)
|  |  |           |  +--KX447511
|  |  |        +**| (/0.126)
|  |  |        |  |  +--KX369547
|  |  |        |  +--| (/1)
|  |  |        |     +--KX447512
|  |  |     +--| (/1)
|  |  |     |  +--KX447513
|  |  |  +**| (/0.127)
|  |  |  |  +--KX447515
|  |  +**| (/0.126)
|  |     |                    +--MF036115
|  |     |                 +--| (/0.987)
|  |     |                 |  +--MF099651
|  |     |              +**| (/0.126)
|  |     |              |  +--KU820899
|  |     |           +**| (/0.167)
|  |     |           |  +**KU963796
|  |     |        +--| (/1)
|  |     |        |  |  +--KU997667
|  |     |        |  +--| (/0.981)
|  |     |        |     +--KX013000
|  |     |     +--| (/1)
|  |     |     |  +**KU761561
|  |     |  +--| (/1)
|  |     |  |  |  +--LC191864
|  |     |  |  +--| (/0.873)
|  |     |  |     +--KX806557
|  |     +**| (/0.129)
|  |        +--KX447516
+**| (/0.126)
|  +--KX447509
|
+--KX447514

Tree in newick format:

(KJ776791:0.0002935741,(((((((((((((((KF268949:0.0069982252,(KF268948:0.0001957623,KF268950:0.0000022301)/1:0.0086299113)/1:0.0281621912,(((((KX601166:0.0004155015,(KU955592:0.0000987878,KU955595:0.0002955942)/0.998:0.0002726209)/1:0.0039734733,HQ234501:0.0004806673)/1:0.0051869849,MF510857:0.0056935973)/1:0.0122735118,(KU963574:0.0000021509,HQ234500:0.0000970009)/1:0.0152900649)/1:0.0288661972,KY288905:0.0340056208)/0.994:0.0055233424)/1:0.0922924252,(KX377336:0.0001983693,HQ234499:0.0000023763)/1:0.0093139581)/1:0.0299592457,(KU681082:0.0066956334,(KY553111:0.0001931808,KY120353:0.0001023123)/1:0.0079869546)/1:0.0044236642)/1:0.0033155095,((KU955593:0.0000022858,J860885:0.0000021063)/1:0.0050336960,MG645981:0.0022378059)/1:0.0017143715)/1:0.0029562126,((KX051561:0.0035943894,(KX051562:0.0041137743,KY328290:0.0030676632)/1:0.0007643816)/1:0.0005910887,((KX694532:0.0000020369,KF993678:0.0000994590)/1:0.0021968010,KY272987:0.0051954105)/1:0.0023567263)/1:0.0014645031)/1:0.0010194637,KU179098:0.0071843897)/0.996:0.0003077916,KX051560:0.0061764554)/1:0.0005147507,(MK238035:0.0011713882,((MK238038:0.0003085331,MK238037:0.0001072776)/1:0.0004025241,MK238036:0.0013868403)/1:0.0006416838)/1:0.0085329730)/0.872:0.0001640121,KU681081:0.0048609482)/1:0.0009875602,(((((((((KY241675:0.0000026322,KY241676:0.0000026322)/0.125:0.0000024907,((KY241680:0.0010797025,KY241756:0.0004899421)/0.129:0.0000025470,KY241767:0.0000026322)/0.125:0.0000024860)/0.125:0.0000024608,KY241678:0.0000978879)/0.202:0.0000970202,KY241674:0.0007917995)/0.185:0.0000016920,((((((((((KY241686:0.0000025496,KY241694:0.0000025497)/0.126:0.0000025268,KY241690:0.0000978977)/0.994:0.0000978567,(KY241692:0.0000025941,KY241693:0.0000026322)/0.133:0.0000025102)/0.714:0.0000978921,KY241683:0.0001958178)/0.133:0.0000024300,(KY241725:0.0000978921,KY241733:0.0001958700)/0.126:0.0000025294)/0.125:0.0000021971,((((KY241673:0.0000988070,KY241766:0.0011869829)/0.998:0.0000977855,(KY241730:0.0000978762,KY241787:0.0000021707)/0.126:0.0000022879)/1:0.0000978791,KY241722:0.0002938996)/0.128:0.0000025435,((KY241689:0.0002939207,KY241736:0.0000025119)/1:0.0000978843,KY241720:0.0003919068)/0.127:0.0000026006)/0.125:0.0000020931)/0.125:0.0000022236,((KY241696:0.0003919159,(KY241726:0.0001952148,KY241769:0.0145198023)/0.178:0.0000013775)/0.127:0.0000021399,(KY241779:0.0002940452,KY241781:0.0000978412)/0.999:0.0000979865)/0.125:0.0000025361)/0.125:0.0000021303,(KY241699:0.0000026322,(((((KY241707:0.0000026322,((KY241744:0.0000026322,KY241751:0.0002938643)/0.125:0.0000024916,((KY241688:0.0009825007,KY241738:0.0000978901)/0.129:0.0000024952,KY241734:0.0000026322)/0.125:0.0000025496)/0.125:0.0000022429)/0.125:0.0000024462,(((((((KY241671:0.0008824520,KY241706:0.0000978894)/0.129:0.0000024856,((KY241698:0.0000025634,KY241740:0.0002938782)/1:0.0000978928,KY241783:0.0000987098)/0.126:0.0000025975)/0.125:0.0000025385,KY241721:0.0000026322)/0.125:0.0000024438,(KY241716:0.0003924554,KY241749:0.0001958220)/0.128:0.0000025307)/0.127:0.0000025428,KY241697:0.0005896259)/1:0.0000978863,KY241777:0.0003924362)/0.127:0.0000024329,KY241773:0.0000987205)/0.125:0.0000026652)/0.127:0.0000025396,KY241714:0.0007843291)/1:0.0000978911,KY241679:0.0000978872)/0.126:0.0000025426,((((KY241682:0.0002937984,KY241727:0.0001958465)/0.127:0.0000025431,KY241780:0.0000026322)/0.126:0.0000021139,(KY241776:0.0000986019,KY241778:0.0004902536)/0.999:0.0000988481)/1:0.0000978900,KY241687:0.0000987250)/0.126:0.0000024803)/0.125:0.0000025021)/0.125:0.0000022676)/0.125:0.0000021556,(KY241695:0.0000026322,KY241754:0.0000978920)/0.125:0.0000025452)/0.125:0.0000021702,((KX813683:0.0001957989,KY241713:0.0000021660)/1:0.0002938065,KX827309:0.0001958670)/0.127:0.0000020785)/0.125:0.0000025614)/0.126:0.0000024869,KY241704:0.0000979411)/1:0.0001936036,MG807646:0.0012807281)/1:0.0007671621,((MG548660:0.0013807525,LC369584:0.0013815032)/1:0.0012029219,MH013290:0.0031655142)/1:0.0004141175)/1:0.0021323363,((KY126351:0.0017093648,KY241691:0.0017436700)/1:0.0022587349,MG807647:0.0042490270)/1:0.0008076289)/1:0.0008781365)/1:0.0007861242,LC219720:0.0058820549)/1:0.0012931630,KX447517:0.0012785774)/0.94:0.0000948579,((((((((((((((KX280026:0.0000026322,MH513599:0.0000026322)/0.128:0.0000020472,KX811222:0.0003913804)/1:0.0008855882,(KX879603:0.0002939994,(KX879604:0.0000983440,MF794971:0.0000983744)/0.125:0.0000020707)/1:0.0012801440)/0.947:0.0000946767,(KU527068:0.0016727068,(((((((((((((((((((((KX842449:0.0000026322,((KX922704:0.0003922619,KY325467:0.0001988849)/0.128:0.0000025476,(KX832731:0.0002937150,((KX838904:0.0000021821,KY014324:0.0000020442)/1:0.0004894301,(((KY075938:0.0000026322,KY785472:0.0000026322)/0.127:0.0000025031,KY325477:0.0003979885)/0.174:0.0000011710,KY325483:0.0015588343)/0.197:0.0000973084)/0.996:0.0000985113)/0.128:0.0000023260)/0.125:0.0000026323)/0.125:0.0000013198,(KY325472:0.0000026322,KX922706:0.0002938863)/0.125:0.0000014892)/0.125:0.0000025833,((KY075936:0.0006834463,KY785474:0.0001366352)/0.155:0.0000025880,KY325478:0.0019103896)/0.166:0.0000026595)/0.128:0.0000022908,(((((KX838905:0.0001960208,KY325469:0.0000985595)/0.126:0.0000022006,((KX922703:0.0001949525,KY785445:0.0000026322)/0.172:0.0000021546,KY325468:0.0000026322)/0.125:0.0000021294)/0.125:0.0000021994,(KY075939:0.0000021939,KY785468:0.0000021960)/1:0.0002937103)/0.129:0.0000021043,(KY075935:0.0003923284,KY785412:0.0000023921)/1:0.0002937400)/0.201:0.0000960542,KY014326:0.0000026322)/0.193:0.0000026330)/1:0.0001226308,KY785443:0.0000029121)/1:0.0003674689,KY785425:0.0003222709)/1:0.0001958166,MF098765:0.0005025619)/1:0.0000988264,((((((KX838906:0.0000985509,((KX922705:0.0002744851,KY014298:0.0000026322)/0.194:0.0000191107,KY325473:0.0001960085)/0.126:0.0000022108)/0.126:0.0000025134,((KX922708:0.0001304470,KY014299:0.0000985011)/1:0.0002614575,(MF988743:0.0000420101,KY785459:0.0000026245)/0.208:0.0000564875)/1:0.0000986219)/1:0.0000985071,((KY075937:0.0000026322,KY785422:0.0000024679)/1:0.0001958098,KY325482:0.0043844138)/0.988:0.0000987851)/0.999:0.0000986634,(KY325464:0.0000985779,KY325476:0.0000990969)/1:0.0003922064)/0.935:0.0001054036,KY325471:0.0015706399)/1:0.0008750392,KY785424:0.0007611198)/0.147:0.0000021126)/0.126:0.0000024307,((KY014300:0.0000982459,KY785453:0.0004005856)/1:0.0003944351,KY785430:0.0010735347)/0.968:0.0000966026)/1:0.0000985042,(((((((KY415986:0.0000026322,KY415987:0.0000026322)/0.125:0.0000024561,(KX673530:0.0006855833,KY415988:0.0000026232)/1:0.0000985084)/0.127:0.0000024964,(KY415989:0.0000024733,KY415991:0.0000024850)/1:0.0000984999)/1:0.0001957447,MF783072:0.0000021422)/0.956:0.0000986739,MF384325:0.0000986122)/1:0.0006895526,MH063261:0.0014822148)/0.935:0.0000944286,((MF098768:0.0000026322,MF098769:0.0000026322)/0.128:0.0000022790,MF664436:0.0000985155)/1:0.0013738938)/0.13:0.0000024057)/0.125:0.0000024094,((KX269878:0.0001960085,(KY785435:0.0002955928,KY785484:0.0003007624)/1:0.0002937946)/0.127:0.0000022167,(MF098766:0.0006853922,(MF438286:0.0023645748,(MH063264:0.0015730631,MH063260:0.0016740606)/1:0.0003960512)/0.96:0.0000961313)/0.128:0.0000021579)/0.125:0.0000021789)/0.125:0.0000023633,((KX922707:0.0008828466,KU853012:0.0002946744)/1:0.0001960832,(((KY785441:0.0010789184,KY785423:0.0006000315)/0.126:0.0000026323,KY785419:0.0009003754)/0.125:0.0000025911,KY785465:0.0004042027)/0.145:0.0000021401)/0.125:0.0000024508)/0.125:0.0000026323,(((KY014314:0.0010792313,KY785470:0.0007345552)/0.147:0.0000027294,KY785415:0.0006857404)/1:0.0000985131,(KY014318:0.0003923197,KY785420:0.0002948780)/1:0.0002937300)/0.128:0.0000025068)/0.125:0.0000026323,(LC190723:0.0006853919,(MF098764:0.0002397804,KY785413:0.0009481426)/1:0.0003822522)/0.127:0.0000024834)/0.999:0.0000985027,KY014302:0.0007845562)/0.126:0.0000025238,KY785476:0.0003914693)/1:0.0005899019,KY559026:0.0008348649)/1:0.0004937148,MF098767:0.0018155299)/0.929:0.0000944556,KY558989:0.0003075333)/0.998:0.0000984662,((KU729217:0.0007860198,KY120352:0.0008837124)/1:0.0005874294,(MF073358:0.0008824407,KY785426:0.0015035914)/0.137:0.0000025095)/1:0.0000984938)/0.129:0.0000025561,MF073359:0.0010789086)/1:0.0001966232)/0.971:0.0000969693)/1:0.0001956775,(KY241788:0.0020714610,((KY559005:0.0005905001,KY559007:0.0005903394)/0.934:0.0000941103,((KY559013:0.0005710806,(((KY559018:0.0000026322,KY559023:0.0000026322)/0.126:0.0000026851,KY559024:0.0000020075)/1:0.0002766920,KY559019:0.0000026929)/0.997:0.0001395102)/0.996:0.0001144605,((KY559006:0.0023029436,(KY559009:0.0005996420,((KY559010:0.0002341932,KY559012:0.0045595311)/0.131:0.0000028984,KY559011:0.0005404224)/0.128:0.0000021772)/0.137:0.0000020117)/0.164:0.0000029447,KY559017:0.0004208834)/0.138:0.0000024171)/1:0.0004915313)/1:0.0007852263)/0.152:0.0000022077)/0.126:0.0000024714,(((((((((((((((((((KX827268:0.0013741664,KY631493:0.0005879703)/0.129:0.0000025770,(KY606272:0.0004898167,MF801413:0.0006857092)/0.129:0.0000025829)/1:0.0000983231,((((KX446950:0.0005880581,KX446951:0.0004902425)/0.992:0.0000978680,KY120349:0.0003924583)/1:0.0000983433,MF801395:0.0003914272)/0.127:0.0000023703,((KX856011:0.0000023718,KY648934:0.0001965668)/1:0.0006865498,(MF801398:0.0008809320,MF801393:0.0010077780)/0.132:0.0000021571)/0.128:0.0000021060)/0.125:0.0000022262)/0.128:0.0000024359,MF098771:0.0013746813)/0.187:0.0000024361,(MF801414:0.0015778726,(MF801417:0.0006856413,MF801401:0.0001032870)/1:0.0004912060)/0.872:0.0001936373)/1:0.0004889908,(((MF801412:0.0002391016,MF801415:0.0153354131)/0.992:0.0003559577,MF801391:0.0006006177)/0.892:0.0001232481,MF801419:0.0014558294)/1:0.0002628820)/0.779:0.0000963121,(MF801382:0.0048948514,(MF801407:0.0081457846,MF801422:0.0034432392)/1:0.0025671096)/0.922:0.0004027856)/0.149:0.0000025451,MF593625:0.0010778614)/0.127:0.0000025139,((((MF159531:0.0004889120,MH063265:0.0015334801)/0.157:0.0000026970,((MH063263:0.0008532230,MH063259:0.0018228876)/1:0.0006763497,MH063262:0.0005609571)/1:0.0002226220)/0.66:0.0000748422,MF988734:0.0011017656)/0.999:0.0002924473,MF801380:0.0049513726)/0.997:0.0001232108)/0.125:0.0000024498,(((KY325465:0.0000026426,KY325479:0.0000023144)/1:0.0011783835,MF801426:0.0008836699)/0.969:0.0000964190,((MF801384:0.0001188590,MF801386:0.0002994677)/1:0.0004725092,MF801408:0.0020166236)/0.96:0.0000955264)/0.126:0.0000024752)/0.125:0.0000022021,(((((KY765325:0.0003926447,KY693677:0.0005885776)/1:0.0001950657,KY014306:0.0008827074)/1:0.0000986994,((KY014315:0.0005877792,KY785418:0.0000026322)/1:0.0001969342,MF801410:0.0011786665)/0.974:0.0000969587)/0.999:0.0000982650,(MF801378:0.0014718538,MF801397:0.0010876886)/0.126:0.0000020920)/0.125:0.0000024141,((((KU501217:0.0000025741,KU501216:0.0000982075)/1:0.0007830683,(((KY606273:0.0000016816,MF801423:0.0021803229)/0.999:0.0001957989,MG494697:0.0016712906)/0.977:0.0000970324,((MF801399:0.0054835598,MF801411:0.0020960988)/0.406:0.0001323740,MF801400:0.0025908542)/0.192:0.0000025172)/1:0.0005876857)/0.127:0.0000022253,(MF801381:0.0011771610,MF801403:0.0012747463)/0.129:0.0000025684)/1:0.0000982654,(KX262887:0.0001954948,KX906952:0.0005879600)/1:0.0002938447)/0.126:0.0000021665)/0.125:0.0000020563)/0.125:0.0000021700,((((((((KY765317:0.0000981571,KY765318:0.0000983276)/1:0.0006864306,MF434521:0.0006866887)/1:0.0001946611,KY014319:0.0006870220)/0.125:0.0000026132,KY785442:0.0005878559)/0.998:0.0000983988,KY014310:0.0005887413)/0.994:0.0000982647,((KY328289:0.0000982297,(KY014312:0.0005881581,KY785452:0.0004990441)/0.987:0.0000975087)/0.175:0.0000024208,MF801385:0.0015595409)/0.996:0.0001943535)/1:0.0003925498,(KY765324:0.0010391274,MF434518:0.0020030826)/1:0.0007285513)/1:0.0001953016,(((KY606271:0.0003724026,MF801404:0.0056335671)/0.933:0.0001193836,((MF801396:0.0008891677,MF801418:0.0009859392)/0.922:0.0000930524,MF801402:0.0008814937)/0.127:0.0000024538)/0.999:0.0001941527,MF801383:0.0012226192)/0.178:0.0000027132)/0.126:0.0000025475)/0.125:0.0000024483,((((((KX421194:0.0000020471,KX421195:0.0000026322)/0.129:0.0000029652,KY765319:0.0015137205)/1:0.0004891950,KY606274:0.0035249303)/0.168:0.0000022229,(KU870645:0.0011718666,KY785431:0.0007125088)/0.952:0.0001031204)/0.125:0.0000024754,((((KY785448:0.0007830863,MF434516:0.0011780324)/0.127:0.0000029668,((KY693676:0.0003919891,KY785414:0.0001071025)/1:0.0002933186,MF434522:0.0014714607)/0.126:0.0000020683)/0.993:0.0000982471,MF434517:0.0009807852)/0.993:0.0000983201,MF801387:0.0010784098)/0.13:0.0000024090)/0.129:0.0000025701,MF801389:0.0015560916)/0.999:0.0000983065)/0.128:0.0000025844,((KY765323:0.0006556733,MF801377:0.0012199659)/0.966:0.0001290538,MF801406:0.0015710241)/0.989:0.0000981822)/1:0.0007833052,KY785410:0.0011942845)/0.127:0.0000022763,((KU926309:0.0013740276,((KY559032:0.0030119051,KY014308:0.0009583153)/0.157:0.0000025237,KY785437:0.0013375355)/0.171:0.0000021256)/0.125:0.0000021172,(KY272991:0.0013725580,KY559025:0.0005615208)/0.165:0.0000025472)/1:0.0000983134)/0.999:0.0000980522,((((((((((((((KX377337:0.0001960836,KY075933:0.0011778076)/0.985:0.0000975044,(KY075934:0.0005875334,(KY785464:0.0002937191,KY785462:0.0005226964)/0.181:0.0000024263)/1:0.0001959212)/0.994:0.0001812415,KY785481:0.0008384394)/0.246:0.0000902327,KY785456:0.0006226542)/1:0.0008084527,KU365778:0.0009801066)/0.127:0.0000025452,((KY348640:0.0014734480,KU937936:0.0009811954)/0.128:0.0000025755,KU758877:0.0005879855)/1:0.0001957940)/1:0.0001957669,(MF073357:0.0006853992,(KY441402:0.0000983874,KY441403:0.0003913700)/0.126:0.0000023916)/1:0.0006862778)/0:0.0000023543,(KU820898:0.0007348327,((((KU955590:0.0000025724,MF167360:0.0000982584)/1:0.0000982449,KY379148:0.0000020786)/1:0.0000982609,KX056898:0.0000021737)/1:0.0007372875,KX766028:0.0007340899)/0.996:0.0001946155)/1:0.0010326506)/0.999:0.0000983641,(KY014297:0.0000029232,KY785450:0.0000029252)/1:0.0009805748)/0.126:0.0000021865,KU312312:0.0012757513)/1:0.0001953370,((KU365779:0.0000025829,KU707826:0.0000023450)/0.13:0.0000023285,(KU365777:0.0000023093,KU365780:0.0000983203)/1:0.0003911425)/1:0.0007844737)/1:0.0002948601,MH513600:0.0016693622)/0.127:0.0000020222,(KY631492:0.0007819554,KY693680:0.0018730822)/1:0.0007882910)/0.13:0.0000025235,KY441401:0.0022617695)/1:0.0001955605)/0.999:0.0000980624,(KX197205:0.0009679347,KY559021:0.0026272208)/0.999:0.0002093218)/0.127:0.0000025104,(((((((((((((((KU820897:0.0000982781,((KX702400:0.0000022383,KX893855:0.0000026322)/1:0.0005868460,KX247646:0.0000022331)/1:0.0000986863)/1:0.0005894956,(KX156774:0.0001958749,(KX156775:0.0002936603,KX156776:0.0000984311)/0.126:0.0000022424)/1:0.0003923772)/0.994:0.0001936667,KY785466:0.0002951499)/0.177:0.0000026181,(KY785469:0.0006870233,KX198135:0.0004900359)/0.127:0.0000021551)/0.125:0.0000020472,((KY317936:0.0003920051,KY317939:0.0000986020)/1:0.0003911370,(KY317938:0.0001960193,KY317940:0.0007847866)/0.994:0.0000982061)/0.127:0.0000022710)/0.128:0.0000020917,KY014303:0.0005876394)/1:0.0001962364,((((KU647676:0.0000025854,(KU922923:0.0000984122,KU922960:0.0000026931)/1:0.0003922717)/1:0.0002018104,(KY075932:0.0013072667,KY785451:0.0001292303)/1:0.0003585675)/1:0.0002879210,(KY317937:0.0007832190,(KY693678:0.0001951442,KY693679:0.0005888756)/1:0.0009817899)/0.127:0.0000027424)/1:0.0001966038,KX548902:0.0011774797)/0.979:0.0000973019)/1:0.0005729572,KY558996:0.0013141326)/0.983:0.0001134683,KY558999:0.0005881772)/0.127:0.0000025506,((KY785455:0.0001064721,KY785480:0.0003181194)/1:0.0020567343,(KY559015:0.0004076240,KY559014:0.0051594752)/1:0.0004755276)/0.142:0.0000027381)/1:0.0000984663,(KU497555:0.0016700197,(KU991811:0.0008822690,(KY558995:0.0007155720,KY559001:0.0007264605)/0.161:0.0000020361)/0.972:0.0000985029)/0.147:0.0000025395)/0.127:0.0000024571,(KY014307:0.0009027154,KY785433:0.0010171858)/1:0.0001971209)/0.186:0.0000943278,KY785429:0.0010309548)/0.197:0.0000035720,KY559003:0.0011406797)/0.993:0.0000989509,(((((KY014296:0.0000982822,KY014320:0.0000025758)/1:0.0015689902,(KY559031:0.0003294492,(KY014301:0.0010957808,KY785479:0.0016112782)/0.388:0.0001041905)/0.181:0.0000021374)/0.129:0.0000020474,(KY014309:0.0009249878,(KY785427:0.0009987905,(MH763832:0.0010889316,MH763833:0.0000022595)/1:0.0015021806)/0.916:0.0000929119)/0.128:0.0000020577)/0.148:0.0000028589,KY014317:0.0008810978)/0.995:0.0002347111,KY014313:0.0004414424)/1:0.0003537371)/0.13:0.0000026361)/0.125:0.0000025363)/0.125:0.0000020653,((((((KU940224:0.0000023363,KX520666:0.0002936700)/1:0.0000981284,KU940228:0.0000025562)/0.176:0.0000029217,(KU940227:0.0002350278,(KX101061:0.0006100250,KX101066:0.0012171905)/0.97:0.0001414746)/1:0.0001007723)/0.999:0.0002990689,KX101060:0.0007166319)/1:0.0003467354,(KY003153:0.0000028734,KY003154:0.0003919257)/1:0.0013378729)/1:0.0011178414,KU729218:0.0013726078)/0.155:0.0000024619)/0.996:0.0000981897,(((((KR872956:0.0000025824,KU321639:0.0000026322)/0.127:0.0000020338,MF352141:0.0001956156)/1:0.0004900851,KU509998:0.0000027890)/0.14:0.0000025499,KU744693:0.0058771554)/1:0.0002932653,KX051563:0.0006869233)/1:0.0004912244)/1:0.0001967771,KX447510:0.0003923983)/1:0.0002934673,KX447511:0.0005872618)/0.128:0.0000020602,(KX369547:0.0001964159,KX447512:0.0001963736)/1:0.0000981824)/0.126:0.0000024174,KX447513:0.0004892341)/1:0.0000981672,KX447515:0.0004895199)/0.127:0.0000024909,(((((((MF036115:0.0002951105,MF099651:0.0013764401)/0.987:0.0000976328,KU820899:0.0000982429)/0.126:0.0000025767,KU963796:0.0000026322)/0.167:0.0000026990,(KU997667:0.0000990328,KX013000:0.0000974301)/0.981:0.0000982986)/1:0.0003924559,KU761561:0.0000973469)/1:0.0013785063,(LC191864:0.0030599998,KX806557:0.0007821638)/0.873:0.0000978338)/1:0.0006881028,KX447516:0.0006850701)/0.129:0.0000024547)/0.126:0.0000024928)/1:0.0000981696,KX447509:0.0001955752)/0.126:0.0000025211,KX447514:0.0004898965);

TIME STAMP
----------

Date and time: Sat Apr 13 16:30:38 2019
Total CPU time used: 110552 seconds (30h:42m:32s)
Total wall-clock time used: 92225.6 seconds (25h:37m:5s)

