
RAxML-NG v. 0.8.0git BETA released on 11.01.2019 by The Exelixis Lab.
Authors: Alexey Kozlov, Alexandros Stamatakis, Diego Darriba, Tomas Flouri, Benoit Morel.
Latest version: https://github.com/amkozlov/raxml-ng
Questions/problems/suggestions? Please visit: https://groups.google.com/forum/#!forum/raxml

WARNING: This is a BETA release, please use at your own risk!

RAxML-NG was called at 26-Mar-2019 10:04:10 as follows:

raxml-ng --model /pasteur/homes/azhukova/projects/zika_atlas/data/partition_raxml.pos.txt --msa /pasteur/homes/azhukova/projects/zika_atlas/data/aln.fa.pos --msa-format FASTA --data-type DNA --tree rand{10} --seed 239 --threads 12 --force

Analysis options:
  run mode: ML tree search
  start tree(s): random (10)
  random seed: 239
  tip-inner: OFF
  pattern compression: ON
  per-rate scalers: OFF
  site repeats: ON
  fast spr radius: AUTO
  spr subtree cutoff: 1.000000
  branch lengths: proportional (ML estimate, algorithm: NR-FAST)
  SIMD kernels: AVX2
  parallelization: PTHREADS (12 threads), thread pinning: OFF

WARNING: Running in FORCE mode: all safety checks are disabled!

[00:00:00] Reading alignment from file: /pasteur/homes/azhukova/projects/zika_atlas/data/aln.fa.pos
[00:00:00] Loaded alignment with 806 taxa and 10269 sites

Alignment comprises 2 partitions and 8943 patterns

Partition 0: pos_12
Model: GTR+FO+I+G6m+B
Alignment sites / patterns: 6846 / 5565
Gaps: 5.17 %
Invariant sites: 62.94 %

Partition 1: pos_3
Model: GTR+FO+I+G6m+B
Alignment sites / patterns: 3423 / 3378
Gaps: 5.17 %
Invariant sites: 24.10 %


NOTE: Binary MSA file created: /pasteur/homes/azhukova/projects/zika_atlas/data/aln.fa.pos.raxml.rba

[00:00:00] Generating 10 random starting tree(s) with 806 taxa
[00:00:00] Data distribution: max. partitions/sites/weight per thread: 2 / 746 / 17904

Starting ML tree search with 10 distinct starting trees

[00:00:00 -768729.474470] Initial branch length optimization
[00:00:03 -410135.238612] Model parameter optimization (eps = 10.000000)
[00:02:25 -302215.093863] AUTODETECT spr round 1 (radius: 5)
[00:03:08 -217192.777428] AUTODETECT spr round 2 (radius: 10)
[00:04:03 -149145.432406] AUTODETECT spr round 3 (radius: 15)
[00:05:18 -103963.897487] AUTODETECT spr round 4 (radius: 20)
[00:07:01 -88288.083420] AUTODETECT spr round 5 (radius: 25)
[00:09:16 -87456.642246] SPR radius for FAST iterations: 25 (autodetect)
[00:09:16 -87456.642246] Model parameter optimization (eps = 3.000000)
[00:09:42 -83845.125904] FAST spr round 1 (radius: 25)
[00:11:24 -73457.204945] FAST spr round 2 (radius: 25)
[00:12:34 -72970.697106] FAST spr round 3 (radius: 25)
[00:13:34 -72966.504566] FAST spr round 4 (radius: 25)
[00:14:25 -72966.499039] Model parameter optimization (eps = 1.000000)
[00:14:44 -72897.942300] SLOW spr round 1 (radius: 5)
[00:16:04 -72881.902491] SLOW spr round 2 (radius: 5)
[00:17:21 -72876.583054] SLOW spr round 3 (radius: 5)
[00:18:35 -72876.582332] SLOW spr round 4 (radius: 10)
[00:19:58 -72872.405892] SLOW spr round 5 (radius: 5)
[00:21:36 -72872.405821] SLOW spr round 6 (radius: 10)
[00:23:14 -72872.405788] SLOW spr round 7 (radius: 15)
[00:26:03 -72872.405757] SLOW spr round 8 (radius: 20)
[00:29:52 -72851.321504] SLOW spr round 9 (radius: 5)
[00:31:39 -72851.320857] SLOW spr round 10 (radius: 10)
[00:33:31 -72851.320686] SLOW spr round 11 (radius: 15)
[00:36:20 -72851.320622] SLOW spr round 12 (radius: 20)
[00:40:10 -72851.320582] SLOW spr round 13 (radius: 25)
[00:45:17 -72851.320549] Model parameter optimization (eps = 0.100000)

[00:45:28] ML tree search #1, logLikelihood: -72850.655506

[00:45:30 -781852.747770] Initial branch length optimization
[00:45:35 -415748.565760] Model parameter optimization (eps = 10.000000)
[00:48:20 -304626.775902] AUTODETECT spr round 1 (radius: 5)
[00:49:04 -217613.969500] AUTODETECT spr round 2 (radius: 10)
[00:50:03 -141496.897660] AUTODETECT spr round 3 (radius: 15)
[00:51:17 -108486.465767] AUTODETECT spr round 4 (radius: 20)
[00:53:01 -89248.207235] AUTODETECT spr round 5 (radius: 25)
[00:54:54 -85227.452911] SPR radius for FAST iterations: 25 (autodetect)
[00:54:54 -85227.452911] Model parameter optimization (eps = 3.000000)
[00:55:24 -80675.240851] FAST spr round 1 (radius: 25)
[00:57:05 -71752.498281] FAST spr round 2 (radius: 25)
[00:58:14 -69585.241732] FAST spr round 3 (radius: 25)
[00:59:16 -69567.462310] FAST spr round 4 (radius: 25)
[01:00:10 -69552.508934] FAST spr round 5 (radius: 25)
[01:01:00 -69552.508330] Model parameter optimization (eps = 1.000000)
[01:01:14 -69385.809452] SLOW spr round 1 (radius: 5)
[01:02:31 -69357.225486] SLOW spr round 2 (radius: 5)
[01:03:48 -69327.872194] SLOW spr round 3 (radius: 5)
[01:05:00 -69327.871868] SLOW spr round 4 (radius: 10)
[01:06:24 -69324.310864] SLOW spr round 5 (radius: 5)
[01:08:03 -69322.398302] SLOW spr round 6 (radius: 5)
[01:09:27 -69322.398274] SLOW spr round 7 (radius: 10)
[01:10:55 -69322.398247] SLOW spr round 8 (radius: 15)
[01:13:50 -69314.821057] SLOW spr round 9 (radius: 5)
[01:15:30 -69314.821030] SLOW spr round 10 (radius: 10)
[01:17:14 -69314.821002] SLOW spr round 11 (radius: 15)
[01:19:50 -69314.820974] SLOW spr round 12 (radius: 20)
[01:23:16 -69314.820946] SLOW spr round 13 (radius: 25)
[01:27:02 -69314.820918] Model parameter optimization (eps = 0.100000)

[01:27:16] ML tree search #2, logLikelihood: -69313.328425

[01:27:16 -757680.171330] Initial branch length optimization
[01:27:19 -412485.049227] Model parameter optimization (eps = 10.000000)
[01:29:57 -303106.067449] AUTODETECT spr round 1 (radius: 5)
[01:30:42 -207199.348916] AUTODETECT spr round 2 (radius: 10)
[01:31:47 -136013.360387] AUTODETECT spr round 3 (radius: 15)
[01:33:01 -101375.078024] AUTODETECT spr round 4 (radius: 20)
[01:34:37 -91517.907268] AUTODETECT spr round 5 (radius: 25)
[01:36:37 -86480.856770] SPR radius for FAST iterations: 25 (autodetect)
[01:36:37 -86480.856770] Model parameter optimization (eps = 3.000000)
[01:37:11 -81944.389645] FAST spr round 1 (radius: 25)
[01:38:56 -70579.076556] FAST spr round 2 (radius: 25)
[01:40:09 -69655.553013] FAST spr round 3 (radius: 25)
[01:41:10 -69488.002389] FAST spr round 4 (radius: 25)
[01:42:04 -69487.983511] Model parameter optimization (eps = 1.000000)
[01:42:22 -69330.500601] SLOW spr round 1 (radius: 5)
[01:43:42 -69321.531045] SLOW spr round 2 (radius: 5)
[01:44:57 -69321.140829] SLOW spr round 3 (radius: 5)
[01:46:11 -69321.140764] SLOW spr round 4 (radius: 10)
[01:47:38 -69314.382229] SLOW spr round 5 (radius: 5)
[01:49:21 -69312.725392] SLOW spr round 6 (radius: 5)
[01:50:46 -69312.725294] SLOW spr round 7 (radius: 10)
[01:52:15 -69312.725266] SLOW spr round 8 (radius: 15)
[01:55:15 -69311.626403] SLOW spr round 9 (radius: 5)
[01:56:57 -69311.616939] SLOW spr round 10 (radius: 10)
[01:58:42 -69311.616911] SLOW spr round 11 (radius: 15)
[02:01:23 -69311.616882] SLOW spr round 12 (radius: 20)
[02:04:58 -69311.616854] SLOW spr round 13 (radius: 25)
[02:09:20 -69311.616825] Model parameter optimization (eps = 0.100000)

[02:09:28] ML tree search #3, logLikelihood: -69310.608207

[02:09:28 -766676.466224] Initial branch length optimization
[02:09:31 -414499.251619] Model parameter optimization (eps = 10.000000)
[02:12:20 -304390.934052] AUTODETECT spr round 1 (radius: 5)
[02:13:07 -211744.918046] AUTODETECT spr round 2 (radius: 10)
[02:14:12 -139940.171647] AUTODETECT spr round 3 (radius: 15)
[02:15:28 -98520.455603] AUTODETECT spr round 4 (radius: 20)
[02:16:59 -88878.493330] AUTODETECT spr round 5 (radius: 25)
[02:18:44 -86447.592140] SPR radius for FAST iterations: 25 (autodetect)
[02:18:44 -86447.592140] Model parameter optimization (eps = 3.000000)
[02:19:17 -81872.405472] FAST spr round 1 (radius: 25)
[02:21:02 -71130.752592] FAST spr round 2 (radius: 25)
[02:22:13 -69524.739631] FAST spr round 3 (radius: 25)
[02:23:14 -69519.663711] FAST spr round 4 (radius: 25)
[02:24:05 -69519.658350] Model parameter optimization (eps = 1.000000)
[02:24:20 -69375.747892] SLOW spr round 1 (radius: 5)
[02:25:41 -69351.134968] SLOW spr round 2 (radius: 5)
[02:27:00 -69316.930581] SLOW spr round 3 (radius: 5)
[02:28:17 -69316.923176] SLOW spr round 4 (radius: 10)
[02:29:43 -69314.539121] SLOW spr round 5 (radius: 5)
[02:31:23 -69314.539043] SLOW spr round 6 (radius: 10)
[02:33:05 -69314.539013] SLOW spr round 7 (radius: 15)
[02:35:40 -69314.538983] SLOW spr round 8 (radius: 20)
[02:39:05 -69314.538952] SLOW spr round 9 (radius: 25)
[02:43:10 -69314.538922] Model parameter optimization (eps = 0.100000)

[02:43:21] ML tree search #4, logLikelihood: -69313.737744

[02:43:21 -757699.231441] Initial branch length optimization
[02:43:24 -407009.236179] Model parameter optimization (eps = 10.000000)
[02:46:00 -299596.660488] AUTODETECT spr round 1 (radius: 5)
[02:46:47 -219464.219677] AUTODETECT spr round 2 (radius: 10)
[02:47:48 -141289.628970] AUTODETECT spr round 3 (radius: 15)
[02:49:08 -108653.455360] AUTODETECT spr round 4 (radius: 20)
[02:50:37 -83626.893617] AUTODETECT spr round 5 (radius: 25)
[02:52:17 -82635.103494] SPR radius for FAST iterations: 25 (autodetect)
[02:52:17 -82635.103494] Model parameter optimization (eps = 3.000000)
[02:52:54 -77026.441911] FAST spr round 1 (radius: 25)
[02:54:35 -70261.926136] FAST spr round 2 (radius: 25)
[02:55:40 -69521.663144] FAST spr round 3 (radius: 25)
[02:56:38 -69405.355154] FAST spr round 4 (radius: 25)
[02:57:31 -69401.887420] FAST spr round 5 (radius: 25)
[02:58:19 -69401.887268] Model parameter optimization (eps = 1.000000)
[02:58:29 -69333.390212] SLOW spr round 1 (radius: 5)
[02:59:48 -69326.701594] SLOW spr round 2 (radius: 5)
[03:01:04 -69326.701343] SLOW spr round 3 (radius: 10)
[03:02:27 -69321.920003] SLOW spr round 4 (radius: 5)
[03:04:09 -69320.269664] SLOW spr round 5 (radius: 5)
[03:05:33 -69320.269584] SLOW spr round 6 (radius: 10)
[03:07:01 -69320.268745] SLOW spr round 7 (radius: 15)
[03:09:54 -69320.268710] SLOW spr round 8 (radius: 20)
[03:13:25 -69320.268675] SLOW spr round 9 (radius: 25)
[03:17:55 -69320.268640] Model parameter optimization (eps = 0.100000)

[03:18:05] ML tree search #5, logLikelihood: -69319.261486

[03:18:05 -770173.238745] Initial branch length optimization
[03:18:08 -412718.954468] Model parameter optimization (eps = 10.000000)
[03:21:16 -303607.540896] AUTODETECT spr round 1 (radius: 5)
[03:22:00 -214256.593061] AUTODETECT spr round 2 (radius: 10)
[03:23:00 -149400.313951] AUTODETECT spr round 3 (radius: 15)
[03:24:18 -103795.806490] AUTODETECT spr round 4 (radius: 20)
[03:25:59 -88733.428587] AUTODETECT spr round 5 (radius: 25)
[03:28:11 -83181.649645] SPR radius for FAST iterations: 25 (autodetect)
[03:28:11 -83181.649645] Model parameter optimization (eps = 3.000000)
[03:28:37 -79252.461203] FAST spr round 1 (radius: 25)
[03:30:20 -70022.936776] FAST spr round 2 (radius: 25)
[03:31:31 -69681.269552] FAST spr round 3 (radius: 25)
[03:32:32 -69671.544530] FAST spr round 4 (radius: 25)
[03:33:26 -69670.861508] FAST spr round 5 (radius: 25)
[03:34:13 -69670.860549] Model parameter optimization (eps = 1.000000)
[03:34:29 -69579.571865] SLOW spr round 1 (radius: 5)
[03:35:48 -69567.835252] SLOW spr round 2 (radius: 5)
[03:37:06 -69567.834931] SLOW spr round 3 (radius: 10)
[03:38:33 -69565.716297] SLOW spr round 4 (radius: 5)
[03:40:12 -69565.713073] SLOW spr round 5 (radius: 10)
[03:41:50 -69565.713047] SLOW spr round 6 (radius: 15)
[03:44:09 -69565.713020] SLOW spr round 7 (radius: 20)
[03:47:40 -69565.712993] SLOW spr round 8 (radius: 25)
[03:52:05 -69565.712966] Model parameter optimization (eps = 0.100000)

[03:52:16] ML tree search #6, logLikelihood: -69564.758603

[03:52:16 -777858.433243] Initial branch length optimization
[03:52:19 -413871.744759] Model parameter optimization (eps = 10.000000)
[03:55:30 -303934.162384] AUTODETECT spr round 1 (radius: 5)
[03:56:13 -224715.828324] AUTODETECT spr round 2 (radius: 10)
[03:57:11 -149065.943273] AUTODETECT spr round 3 (radius: 15)
[03:58:26 -110048.430524] AUTODETECT spr round 4 (radius: 20)
[04:00:02 -93530.152911] AUTODETECT spr round 5 (radius: 25)
[04:01:52 -92508.632267] SPR radius for FAST iterations: 25 (autodetect)
[04:01:52 -92508.632267] Model parameter optimization (eps = 3.000000)
[04:02:25 -83724.615916] FAST spr round 1 (radius: 25)
[04:04:12 -70665.854998] FAST spr round 2 (radius: 25)
[04:05:25 -69736.820934] FAST spr round 3 (radius: 25)
[04:06:25 -69732.465450] FAST spr round 4 (radius: 25)
[04:07:19 -69729.734052] FAST spr round 5 (radius: 25)
[04:08:09 -69729.733197] Model parameter optimization (eps = 1.000000)
[04:08:28 -69583.319776] SLOW spr round 1 (radius: 5)
[04:09:49 -69571.974733] SLOW spr round 2 (radius: 5)
[04:11:08 -69569.547450] SLOW spr round 3 (radius: 5)
[04:12:25 -69569.547313] SLOW spr round 4 (radius: 10)
[04:13:52 -69569.542137] SLOW spr round 5 (radius: 15)
[04:16:28 -69569.542106] SLOW spr round 6 (radius: 20)
[04:19:27 -69569.542015] SLOW spr round 7 (radius: 25)
[04:24:17 -69569.541983] Model parameter optimization (eps = 0.100000)

[04:24:25] ML tree search #7, logLikelihood: -69568.723708

[04:24:25 -764557.851214] Initial branch length optimization
[04:24:28 -412397.814411] Model parameter optimization (eps = 10.000000)
[04:26:54 -302962.956643] AUTODETECT spr round 1 (radius: 5)
[04:27:38 -215151.830127] AUTODETECT spr round 2 (radius: 10)
[04:28:42 -147844.876409] AUTODETECT spr round 3 (radius: 15)
[04:30:00 -108000.439406] AUTODETECT spr round 4 (radius: 20)
[04:31:43 -92085.948927] AUTODETECT spr round 5 (radius: 25)
[04:34:01 -88801.309842] SPR radius for FAST iterations: 25 (autodetect)
[04:34:01 -88801.309842] Model parameter optimization (eps = 3.000000)
[04:34:38 -84363.193225] FAST spr round 1 (radius: 25)
[04:36:29 -75460.000580] FAST spr round 2 (radius: 25)
[04:37:47 -74337.042743] FAST spr round 3 (radius: 25)
[04:38:50 -74291.368008] FAST spr round 4 (radius: 25)
[04:39:47 -74288.749712] FAST spr round 5 (radius: 25)
[04:40:35 -74286.893010] FAST spr round 6 (radius: 25)
[04:41:21 -74286.892590] Model parameter optimization (eps = 1.000000)
[04:41:34 -74187.948839] SLOW spr round 1 (radius: 5)
[04:42:50 -74184.876766] SLOW spr round 2 (radius: 5)
[04:44:06 -74180.945629] SLOW spr round 3 (radius: 5)
[04:45:20 -74180.945370] SLOW spr round 4 (radius: 10)
[04:46:47 -74180.941015] SLOW spr round 5 (radius: 15)
[04:49:58 -74180.607849] SLOW spr round 6 (radius: 5)
[04:51:36 -74180.605066] SLOW spr round 7 (radius: 10)
[04:53:18 -74180.605027] SLOW spr round 8 (radius: 15)
[04:56:04 -74180.604989] SLOW spr round 9 (radius: 20)
[04:59:15 -74180.604950] SLOW spr round 10 (radius: 25)
[05:03:30 -74180.604911] Model parameter optimization (eps = 0.100000)

[05:03:38] ML tree search #8, logLikelihood: -74179.547654

[05:03:38 -763152.337355] Initial branch length optimization
[05:03:41 -409370.709018] Model parameter optimization (eps = 10.000000)
[05:06:25 -301321.361286] AUTODETECT spr round 1 (radius: 5)
[05:07:13 -208450.289893] AUTODETECT spr round 2 (radius: 10)
[05:08:22 -145848.562165] AUTODETECT spr round 3 (radius: 15)
[05:09:48 -113723.772944] AUTODETECT spr round 4 (radius: 20)
[05:11:28 -99782.236015] AUTODETECT spr round 5 (radius: 25)
[05:13:23 -94528.532596] SPR radius for FAST iterations: 25 (autodetect)
[05:13:23 -94528.532596] Model parameter optimization (eps = 3.000000)
[05:13:58 -90245.639710] FAST spr round 1 (radius: 25)
[05:15:50 -74794.426497] FAST spr round 2 (radius: 25)
[05:17:07 -72324.443308] FAST spr round 3 (radius: 25)
[05:18:14 -69813.437645] FAST spr round 4 (radius: 25)
[05:19:08 -69724.749236] FAST spr round 5 (radius: 25)
[05:19:58 -69724.747780] Model parameter optimization (eps = 1.000000)
[05:20:23 -69344.867337] SLOW spr round 1 (radius: 5)
[05:21:42 -69338.733973] SLOW spr round 2 (radius: 5)
[05:22:57 -69336.089189] SLOW spr round 3 (radius: 5)
[05:24:11 -69336.089155] SLOW spr round 4 (radius: 10)
[05:25:32 -69336.087071] SLOW spr round 5 (radius: 15)
[05:28:36 -69336.087014] SLOW spr round 6 (radius: 20)
[05:31:59 -69336.086983] SLOW spr round 7 (radius: 25)
[05:35:52 -69336.086953] Model parameter optimization (eps = 0.100000)

[05:36:02] ML tree search #9, logLikelihood: -69334.644446

[05:36:02 -776740.535873] Initial branch length optimization
[05:36:05 -415230.900500] Model parameter optimization (eps = 10.000000)
[05:38:48 -305490.740746] AUTODETECT spr round 1 (radius: 5)
[05:39:32 -227797.117109] AUTODETECT spr round 2 (radius: 10)
[05:40:32 -144005.905021] AUTODETECT spr round 3 (radius: 15)
[05:41:53 -108752.375806] AUTODETECT spr round 4 (radius: 20)
[05:43:32 -99245.549928] AUTODETECT spr round 5 (radius: 25)
[05:45:34 -89620.077052] SPR radius for FAST iterations: 25 (autodetect)
[05:45:34 -89620.077052] Model parameter optimization (eps = 3.000000)
[05:46:12 -84921.539824] FAST spr round 1 (radius: 25)
[05:48:14 -70433.149472] FAST spr round 2 (radius: 25)
[05:49:38 -69569.081763] FAST spr round 3 (radius: 25)
[05:50:37 -69564.949319] FAST spr round 4 (radius: 25)
[05:51:28 -69564.941064] Model parameter optimization (eps = 1.000000)
[05:51:51 -69322.848470] SLOW spr round 1 (radius: 5)
[05:53:11 -69313.466092] SLOW spr round 2 (radius: 5)
[05:54:27 -69313.464182] SLOW spr round 3 (radius: 10)
[05:55:50 -69313.463947] SLOW spr round 4 (radius: 15)
[05:58:57 -69313.463812] SLOW spr round 5 (radius: 20)
[06:02:22 -69313.463787] SLOW spr round 6 (radius: 25)
[06:06:28 -69313.463762] Model parameter optimization (eps = 0.100000)

[06:06:39] ML tree search #10, logLikelihood: -69312.007843


Final LogLikelihood: -69310.608207

AIC score: 141881.216414 / AICc score: 142496.759363 / BIC score: 153677.338845
Free parameters (model + branch lengths): 1630

All ML trees saved to: /pasteur/homes/azhukova/projects/zika_atlas/data/aln.fa.pos.raxml.mlTrees
Best ML tree saved to: /pasteur/homes/azhukova/projects/zika_atlas/data/aln.fa.pos.raxml.bestTree
Optimized model saved to: /pasteur/homes/azhukova/projects/zika_atlas/data/aln.fa.pos.raxml.bestModel

Execution log saved to: /pasteur/homes/azhukova/projects/zika_atlas/data/aln.fa.pos.raxml.log

Analysis started: 26-Mar-2019 10:04:10 / finished: 26-Mar-2019 16:10:50

Elapsed time: 21999.581 seconds

