
LEAST-SQUARE METHODS TO ESTIMATE RATES AND DATES - v1.6.5 


Input files:
  i                                               Input tree file : /home/azhukova/projects/zika/data/trees/iqtree.rooted_African.collapsed.nwk
  d                                               Input date file : /home/azhukova/projects/zika/data/dates_lsd.tab
  p                                                Partition file : No
Output file:
  o                                                  Output file  : /home/azhukova/projects/zika/data/timetrees/iqtree.wd_lsd2
Parameters:
  c                                              With constraints : Yes
  t                                      Lower bound for the rate : 1e-10
  v                                                With variances : No
  r                                             Estimate the root : No
  w                                       Given substitution rate : No
  g                                               Given outgroups : No
  n                                             Multiple data set : No
  f                                  Compute confidence intervals : Yes, sampling 1000 times
  q                  Standard deviation of lognormal relaxed clock: 0.2 (for computing confidence intervals)
  s                                               Sequence length : 10807
  e                                          Exclude outlier tips : Yes, detect and exclude outliers from the analysis
  m                   Number of sampling nodes to detect outliers : 122
  e                       The Zscore threshold to detect outliers : 3
  u                Min internal branch length of time scaled tree : 0
  U                Min external branch length of time scaled tree : 0
  l                        Collapsed internal branch length limit : 0
  D                                            Output date format : Based on input date format

  h to print Help 
  y to accept or type a letter to change an option (x = Exit) 
Tree 1 
*WARNINGS:
- There are some nodes in the input date file that are not present in the input tree.
*RESULTS:
- The input dates associated with the following 6 nodes are considered as outliers, so the nodes were removed from the analysis:  KX377336 KU744693 KY559012 KY559014 MF801415 MF801407
- Dating results:
 rate 0.000681389, tMRCA 1952.05, objective function 1.51425
- Results with confidence intervals:
 rate 0.000681389 [0.000484186; 0.000970998], tMRCA 1952.05 [1942.71; 1958.65], objective function 1.51425

*********************************************************

TOTAL ELAPSED TIME: 4.18052 seconds
